sql [2025-06-09 00:08:47] [INFO]: Testing log sql, done

sql [2025-06-09 00:08:47] [INFO]: Testing log sql, done

sql [2025-06-09 00:08:47] [INFO]: Testing log sql, done

sql [2025-06-09 00:08:48] [INFO]: Testing log sql, done

sql [2025-06-09 00:08:48] [INFO]: Testing log sql, done

sql [2025-06-09 00:08:48] [INFO]: Testing log sql, done

sql [2025-06-09 00:08:48] [INFO]: Testing log sql, done

sql [2025-06-09 00:08:48] [INFO]: Testing log sql, done

sql [2025-06-09 00:08:48] [INFO]: Testing log sql, done

sql [2025-06-09 00:08:48] [INFO]: Testing log sql, done

sql [2025-06-09 16:37:44] [DEBUG]: Executing (default): SELECT TABLE_NAME FROM INFORMATION_SCHEMA.TABLES WHERE TABLE_TYPE = 'BASE TABLE' AND TABLE_NAME = 'Classes' AND TABLE_SCHEMA = 'school'

sql [2025-06-09 16:37:44] [DEBUG]: Executing (default): SHOW FULL COLUMNS FROM `Classes`;

sql [2025-06-09 16:37:44] [DEBUG]: Executing (default): SELECT CONSTRAINT_NAME as constraint_name,CONSTRAINT_NAME as constraintName,CONSTRAINT_SCHEMA as constraintSchema,CONSTRAINT_SCHEMA as constraintCatalog,TABLE_NAME as tableName,TABLE_SCHEMA as tableSchema,TABLE_SCHEMA as tableCatalog,COLUMN_NAME as columnName,REFERENCED_TABLE_SCHEMA as referencedTableSchema,REFERENCED_TABLE_SCHEMA as referencedTableCatalog,REFERENCED_TABLE_NAME as referencedTableName,REFERENCED_COLUMN_NAME as referencedColumnName FROM INFORMATION_SCHEMA.KEY_COLUMN_USAGE where TABLE_NAME = 'Classes' AND CONSTRAINT_NAME!='PRIMARY' AND CONSTRAINT_SCHEMA='school' AND REFERENCED_TABLE_NAME IS NOT NULL;

sql [2025-06-09 16:37:44] [DEBUG]: Executing (default): ALTER TABLE `Classes` CHANGE `name` `name` VARCHAR(255) NOT NULL;

sql [2025-06-09 16:37:44] [DEBUG]: Executing (default): ALTER TABLE `Classes` CHANGE `openDate` `openDate` DATETIME NOT NULL;

sql [2025-06-09 16:37:44] [DEBUG]: Executing (default): ALTER TABLE `Classes` CHANGE `deletedAt` `deletedAt` DATETIME;

sql [2025-06-09 16:37:44] [DEBUG]: Executing (default): SHOW INDEX FROM `Classes`

sql [2025-06-09 16:37:44] [DEBUG]: Executing (default): SELECT TABLE_NAME FROM INFORMATION_SCHEMA.TABLES WHERE TABLE_TYPE = 'BASE TABLE' AND TABLE_NAME = 'Students' AND TABLE_SCHEMA = 'school'

sql [2025-06-09 16:37:44] [DEBUG]: Executing (default): SHOW FULL COLUMNS FROM `Students`;

sql [2025-06-09 16:37:44] [DEBUG]: Executing (default): SELECT CONSTRAINT_NAME as constraint_name,CONSTRAINT_NAME as constraintName,CONSTRAINT_SCHEMA as constraintSchema,CONSTRAINT_SCHEMA as constraintCatalog,TABLE_NAME as tableName,TABLE_SCHEMA as tableSchema,TABLE_SCHEMA as tableCatalog,COLUMN_NAME as columnName,REFERENCED_TABLE_SCHEMA as referencedTableSchema,REFERENCED_TABLE_SCHEMA as referencedTableCatalog,REFERENCED_TABLE_NAME as referencedTableName,REFERENCED_COLUMN_NAME as referencedColumnName FROM INFORMATION_SCHEMA.KEY_COLUMN_USAGE where TABLE_NAME = 'Students' AND CONSTRAINT_NAME!='PRIMARY' AND CONSTRAINT_SCHEMA='school' AND REFERENCED_TABLE_NAME IS NOT NULL;

sql [2025-06-09 16:37:44] [DEBUG]: Executing (default): ALTER TABLE `Students` CHANGE `name` `name` VARCHAR(255) NOT NULL;

sql [2025-06-09 16:37:45] [DEBUG]: Executing (default): ALTER TABLE `Students` CHANGE `Birth` `Birth` DATETIME NOT NULL;

sql [2025-06-09 16:37:45] [DEBUG]: Executing (default): ALTER TABLE `Students` CHANGE `Gender` `Gender` TINYINT(1) NOT NULL;

sql [2025-06-09 16:37:45] [DEBUG]: Executing (default): ALTER TABLE `Students` CHANGE `Phone` `Phone` VARCHAR(12) NOT NULL;

sql [2025-06-09 16:37:45] [DEBUG]: Executing (default): ALTER TABLE `Students` CHANGE `deletedAt` `deletedAt` DATETIME;

sql [2025-06-09 16:37:45] [DEBUG]: Executing (default): ALTER TABLE `Students` ADD FOREIGN KEY (`ClassId`) REFERENCES `Classes` (`id`) ON DELETE CASCADE ON UPDATE CASCADE;

sql [2025-06-09 16:37:45] [DEBUG]: Executing (default): SHOW INDEX FROM `Students`

sql [2025-06-09 16:37:45] [DEBUG]: Executing (default): SELECT TABLE_NAME FROM INFORMATION_SCHEMA.TABLES WHERE TABLE_TYPE = 'BASE TABLE' AND TABLE_NAME = 'Books' AND TABLE_SCHEMA = 'school'

sql [2025-06-09 16:37:45] [DEBUG]: Executing (default): SHOW FULL COLUMNS FROM `Books`;

sql [2025-06-09 16:37:45] [DEBUG]: Executing (default): SELECT CONSTRAINT_NAME as constraint_name,CONSTRAINT_NAME as constraintName,CONSTRAINT_SCHEMA as constraintSchema,CONSTRAINT_SCHEMA as constraintCatalog,TABLE_NAME as tableName,TABLE_SCHEMA as tableSchema,TABLE_SCHEMA as tableCatalog,COLUMN_NAME as columnName,REFERENCED_TABLE_SCHEMA as referencedTableSchema,REFERENCED_TABLE_SCHEMA as referencedTableCatalog,REFERENCED_TABLE_NAME as referencedTableName,REFERENCED_COLUMN_NAME as referencedColumnName FROM INFORMATION_SCHEMA.KEY_COLUMN_USAGE where TABLE_NAME = 'Books' AND CONSTRAINT_NAME!='PRIMARY' AND CONSTRAINT_SCHEMA='school' AND REFERENCED_TABLE_NAME IS NOT NULL;

sql [2025-06-09 16:37:45] [DEBUG]: Executing (default): ALTER TABLE `Books` CHANGE `name` `name` VARCHAR(255) NOT NULL;

sql [2025-06-09 16:37:45] [DEBUG]: Executing (default): ALTER TABLE `Books` CHANGE `imgurl` `imgurl` VARCHAR(255);

sql [2025-06-09 16:37:45] [DEBUG]: Executing (default): ALTER TABLE `Books` CHANGE `publishDate` `publishDate` VARCHAR(255) NOT NULL;

sql [2025-06-09 16:37:45] [DEBUG]: Executing (default): ALTER TABLE `Books` CHANGE `author` `author` VARCHAR(255) NOT NULL;

sql [2025-06-09 16:37:45] [DEBUG]: Executing (default): ALTER TABLE `Books` CHANGE `createdAt` `createdAt` DATETIME NOT NULL;

sql [2025-06-09 16:37:45] [DEBUG]: Executing (default): ALTER TABLE `Books` CHANGE `updatedAt` `updatedAt` DATETIME NOT NULL;

sql [2025-06-09 16:37:45] [DEBUG]: Executing (default): ALTER TABLE `Books` CHANGE `deletedAt` `deletedAt` DATETIME;

sql [2025-06-09 16:37:45] [DEBUG]: Executing (default): SHOW INDEX FROM `Books`

sql [2025-06-09 16:37:45] [DEBUG]: Executing (default): SELECT TABLE_NAME FROM INFORMATION_SCHEMA.TABLES WHERE TABLE_TYPE = 'BASE TABLE' AND TABLE_NAME = 'Admins' AND TABLE_SCHEMA = 'school'

sql [2025-06-09 16:37:45] [DEBUG]: Executing (default): SHOW FULL COLUMNS FROM `Admins`;

sql [2025-06-09 16:37:45] [DEBUG]: Executing (default): SELECT CONSTRAINT_NAME as constraint_name,CONSTRAINT_NAME as constraintName,CONSTRAINT_SCHEMA as constraintSchema,CONSTRAINT_SCHEMA as constraintCatalog,TABLE_NAME as tableName,TABLE_SCHEMA as tableSchema,TABLE_SCHEMA as tableCatalog,COLUMN_NAME as columnName,REFERENCED_TABLE_SCHEMA as referencedTableSchema,REFERENCED_TABLE_SCHEMA as referencedTableCatalog,REFERENCED_TABLE_NAME as referencedTableName,REFERENCED_COLUMN_NAME as referencedColumnName FROM INFORMATION_SCHEMA.KEY_COLUMN_USAGE where TABLE_NAME = 'Admins' AND CONSTRAINT_NAME!='PRIMARY' AND CONSTRAINT_SCHEMA='school' AND REFERENCED_TABLE_NAME IS NOT NULL;

sql [2025-06-09 16:37:45] [DEBUG]: Executing (default): ALTER TABLE `Admins` CHANGE `loginId` `loginId` VARCHAR(255) NOT NULL;

sql [2025-06-09 16:37:45] [DEBUG]: Executing (default): ALTER TABLE `Admins` CHANGE `loginPwd` `loginPwd` VARCHAR(255) NOT NULL;

sql [2025-06-09 16:37:45] [DEBUG]: Executing (default): ALTER TABLE `Admins` CHANGE `name` `name` VARCHAR(255) NOT NULL;

sql [2025-06-09 16:37:45] [DEBUG]: Executing (default): ALTER TABLE `Admins` CHANGE `deletedAt` `deletedAt` DATETIME;

sql [2025-06-09 16:37:45] [DEBUG]: Executing (default): SHOW INDEX FROM `Admins`

sql [2025-06-09 17:06:14] [DEBUG]: Executing (default): SELECT TABLE_NAME FROM INFORMATION_SCHEMA.TABLES WHERE TABLE_TYPE = 'BASE TABLE' AND TABLE_NAME = 'Classes' AND TABLE_SCHEMA = 'school'

sql [2025-06-09 17:06:14] [DEBUG]: Executing (default): SHOW FULL COLUMNS FROM `Classes`;

sql [2025-06-09 17:06:14] [DEBUG]: Executing (default): SELECT CONSTRAINT_NAME as constraint_name,CONSTRAINT_NAME as constraintName,CONSTRAINT_SCHEMA as constraintSchema,CONSTRAINT_SCHEMA as constraintCatalog,TABLE_NAME as tableName,TABLE_SCHEMA as tableSchema,TABLE_SCHEMA as tableCatalog,COLUMN_NAME as columnName,REFERENCED_TABLE_SCHEMA as referencedTableSchema,REFERENCED_TABLE_SCHEMA as referencedTableCatalog,REFERENCED_TABLE_NAME as referencedTableName,REFERENCED_COLUMN_NAME as referencedColumnName FROM INFORMATION_SCHEMA.KEY_COLUMN_USAGE where TABLE_NAME = 'Classes' AND CONSTRAINT_NAME!='PRIMARY' AND CONSTRAINT_SCHEMA='school' AND REFERENCED_TABLE_NAME IS NOT NULL;

sql [2025-06-09 17:06:14] [DEBUG]: Executing (default): ALTER TABLE `Classes` CHANGE `name` `name` VARCHAR(255) NOT NULL;

sql [2025-06-09 17:06:14] [DEBUG]: Executing (default): ALTER TABLE `Classes` CHANGE `openDate` `openDate` DATETIME NOT NULL;

sql [2025-06-09 17:06:14] [DEBUG]: Executing (default): ALTER TABLE `Classes` CHANGE `deletedAt` `deletedAt` DATETIME;

sql [2025-06-09 17:06:14] [DEBUG]: Executing (default): SHOW INDEX FROM `Classes`

sql [2025-06-09 17:06:14] [DEBUG]: Executing (default): SELECT TABLE_NAME FROM INFORMATION_SCHEMA.TABLES WHERE TABLE_TYPE = 'BASE TABLE' AND TABLE_NAME = 'Students' AND TABLE_SCHEMA = 'school'

sql [2025-06-09 17:06:14] [DEBUG]: Executing (default): SHOW FULL COLUMNS FROM `Students`;

sql [2025-06-09 17:06:14] [DEBUG]: Executing (default): SELECT CONSTRAINT_NAME as constraint_name,CONSTRAINT_NAME as constraintName,CONSTRAINT_SCHEMA as constraintSchema,CONSTRAINT_SCHEMA as constraintCatalog,TABLE_NAME as tableName,TABLE_SCHEMA as tableSchema,TABLE_SCHEMA as tableCatalog,COLUMN_NAME as columnName,REFERENCED_TABLE_SCHEMA as referencedTableSchema,REFERENCED_TABLE_SCHEMA as referencedTableCatalog,REFERENCED_TABLE_NAME as referencedTableName,REFERENCED_COLUMN_NAME as referencedColumnName FROM INFORMATION_SCHEMA.KEY_COLUMN_USAGE where TABLE_NAME = 'Students' AND CONSTRAINT_NAME!='PRIMARY' AND CONSTRAINT_SCHEMA='school' AND REFERENCED_TABLE_NAME IS NOT NULL;

sql [2025-06-09 17:06:14] [DEBUG]: Executing (default): ALTER TABLE `Students` CHANGE `name` `name` VARCHAR(255) NOT NULL;

sql [2025-06-09 17:06:14] [DEBUG]: Executing (default): ALTER TABLE `Students` CHANGE `Birth` `Birth` DATETIME NOT NULL;

sql [2025-06-09 17:06:14] [DEBUG]: Executing (default): ALTER TABLE `Students` CHANGE `Gender` `Gender` TINYINT(1) NOT NULL;

sql [2025-06-09 17:06:14] [DEBUG]: Executing (default): ALTER TABLE `Students` CHANGE `Phone` `Phone` VARCHAR(12) NOT NULL;

sql [2025-06-09 17:06:14] [DEBUG]: Executing (default): ALTER TABLE `Students` CHANGE `deletedAt` `deletedAt` DATETIME;

sql [2025-06-09 17:06:14] [DEBUG]: Executing (default): ALTER TABLE `Students` ADD FOREIGN KEY (`ClassId`) REFERENCES `Classes` (`id`) ON DELETE CASCADE ON UPDATE CASCADE;

sql [2025-06-09 17:06:14] [DEBUG]: Executing (default): SHOW INDEX FROM `Students`

sql [2025-06-09 17:06:14] [DEBUG]: Executing (default): SELECT TABLE_NAME FROM INFORMATION_SCHEMA.TABLES WHERE TABLE_TYPE = 'BASE TABLE' AND TABLE_NAME = 'Books' AND TABLE_SCHEMA = 'school'

sql [2025-06-09 17:06:14] [DEBUG]: Executing (default): SHOW FULL COLUMNS FROM `Books`;

sql [2025-06-09 17:06:14] [DEBUG]: Executing (default): SELECT CONSTRAINT_NAME as constraint_name,CONSTRAINT_NAME as constraintName,CONSTRAINT_SCHEMA as constraintSchema,CONSTRAINT_SCHEMA as constraintCatalog,TABLE_NAME as tableName,TABLE_SCHEMA as tableSchema,TABLE_SCHEMA as tableCatalog,COLUMN_NAME as columnName,REFERENCED_TABLE_SCHEMA as referencedTableSchema,REFERENCED_TABLE_SCHEMA as referencedTableCatalog,REFERENCED_TABLE_NAME as referencedTableName,REFERENCED_COLUMN_NAME as referencedColumnName FROM INFORMATION_SCHEMA.KEY_COLUMN_USAGE where TABLE_NAME = 'Books' AND CONSTRAINT_NAME!='PRIMARY' AND CONSTRAINT_SCHEMA='school' AND REFERENCED_TABLE_NAME IS NOT NULL;

sql [2025-06-09 17:06:14] [DEBUG]: Executing (default): ALTER TABLE `Books` CHANGE `name` `name` VARCHAR(255) NOT NULL;

sql [2025-06-09 17:06:14] [DEBUG]: Executing (default): ALTER TABLE `Books` CHANGE `imgurl` `imgurl` VARCHAR(255);

sql [2025-06-09 17:06:14] [DEBUG]: Executing (default): ALTER TABLE `Books` CHANGE `publishDate` `publishDate` VARCHAR(255) NOT NULL;

sql [2025-06-09 17:06:14] [DEBUG]: Executing (default): ALTER TABLE `Books` CHANGE `author` `author` VARCHAR(255) NOT NULL;

sql [2025-06-09 17:06:14] [DEBUG]: Executing (default): ALTER TABLE `Books` CHANGE `createdAt` `createdAt` DATETIME NOT NULL;

sql [2025-06-09 17:06:14] [DEBUG]: Executing (default): ALTER TABLE `Books` CHANGE `updatedAt` `updatedAt` DATETIME NOT NULL;

sql [2025-06-09 17:06:14] [DEBUG]: Executing (default): ALTER TABLE `Books` CHANGE `deletedAt` `deletedAt` DATETIME;

sql [2025-06-09 17:06:14] [DEBUG]: Executing (default): SHOW INDEX FROM `Books`

sql [2025-06-09 17:06:14] [DEBUG]: Executing (default): SELECT TABLE_NAME FROM INFORMATION_SCHEMA.TABLES WHERE TABLE_TYPE = 'BASE TABLE' AND TABLE_NAME = 'Admins' AND TABLE_SCHEMA = 'school'

sql [2025-06-09 17:06:14] [DEBUG]: Executing (default): SHOW FULL COLUMNS FROM `Admins`;

sql [2025-06-09 17:06:14] [DEBUG]: Executing (default): SELECT CONSTRAINT_NAME as constraint_name,CONSTRAINT_NAME as constraintName,CONSTRAINT_SCHEMA as constraintSchema,CONSTRAINT_SCHEMA as constraintCatalog,TABLE_NAME as tableName,TABLE_SCHEMA as tableSchema,TABLE_SCHEMA as tableCatalog,COLUMN_NAME as columnName,REFERENCED_TABLE_SCHEMA as referencedTableSchema,REFERENCED_TABLE_SCHEMA as referencedTableCatalog,REFERENCED_TABLE_NAME as referencedTableName,REFERENCED_COLUMN_NAME as referencedColumnName FROM INFORMATION_SCHEMA.KEY_COLUMN_USAGE where TABLE_NAME = 'Admins' AND CONSTRAINT_NAME!='PRIMARY' AND CONSTRAINT_SCHEMA='school' AND REFERENCED_TABLE_NAME IS NOT NULL;

sql [2025-06-09 17:06:14] [DEBUG]: Executing (default): ALTER TABLE `Admins` CHANGE `loginId` `loginId` VARCHAR(255) NOT NULL;

sql [2025-06-09 17:06:14] [DEBUG]: Executing (default): ALTER TABLE `Admins` CHANGE `loginPwd` `loginPwd` VARCHAR(255) NOT NULL;

sql [2025-06-09 17:06:14] [DEBUG]: Executing (default): ALTER TABLE `Admins` CHANGE `name` `name` VARCHAR(255) NOT NULL;

sql [2025-06-09 17:06:14] [DEBUG]: Executing (default): ALTER TABLE `Admins` CHANGE `deletedAt` `deletedAt` DATETIME;

sql [2025-06-09 17:06:14] [DEBUG]: Executing (default): SHOW INDEX FROM `Admins`

sql [2025-06-09 17:06:37] [DEBUG]: Executing (default): SELECT TABLE_NAME FROM INFORMATION_SCHEMA.TABLES WHERE TABLE_TYPE = 'BASE TABLE' AND TABLE_NAME = 'Classes' AND TABLE_SCHEMA = 'school'

sql [2025-06-09 17:06:37] [DEBUG]: Executing (default): SHOW FULL COLUMNS FROM `Classes`;

sql [2025-06-09 17:06:37] [DEBUG]: Executing (default): SELECT CONSTRAINT_NAME as constraint_name,CONSTRAINT_NAME as constraintName,CONSTRAINT_SCHEMA as constraintSchema,CONSTRAINT_SCHEMA as constraintCatalog,TABLE_NAME as tableName,TABLE_SCHEMA as tableSchema,TABLE_SCHEMA as tableCatalog,COLUMN_NAME as columnName,REFERENCED_TABLE_SCHEMA as referencedTableSchema,REFERENCED_TABLE_SCHEMA as referencedTableCatalog,REFERENCED_TABLE_NAME as referencedTableName,REFERENCED_COLUMN_NAME as referencedColumnName FROM INFORMATION_SCHEMA.KEY_COLUMN_USAGE where TABLE_NAME = 'Classes' AND CONSTRAINT_NAME!='PRIMARY' AND CONSTRAINT_SCHEMA='school' AND REFERENCED_TABLE_NAME IS NOT NULL;

sql [2025-06-09 17:06:37] [DEBUG]: Executing (default): ALTER TABLE `Classes` CHANGE `name` `name` VARCHAR(255) NOT NULL;

sql [2025-06-09 17:06:37] [DEBUG]: Executing (default): ALTER TABLE `Classes` CHANGE `openDate` `openDate` DATETIME NOT NULL;

sql [2025-06-09 17:06:37] [DEBUG]: Executing (default): ALTER TABLE `Classes` CHANGE `deletedAt` `deletedAt` DATETIME;

sql [2025-06-09 17:06:37] [DEBUG]: Executing (default): SHOW INDEX FROM `Classes`

sql [2025-06-09 17:06:37] [DEBUG]: Executing (default): SELECT TABLE_NAME FROM INFORMATION_SCHEMA.TABLES WHERE TABLE_TYPE = 'BASE TABLE' AND TABLE_NAME = 'Students' AND TABLE_SCHEMA = 'school'

sql [2025-06-09 17:06:37] [DEBUG]: Executing (default): SHOW FULL COLUMNS FROM `Students`;

sql [2025-06-09 17:06:37] [DEBUG]: Executing (default): SELECT CONSTRAINT_NAME as constraint_name,CONSTRAINT_NAME as constraintName,CONSTRAINT_SCHEMA as constraintSchema,CONSTRAINT_SCHEMA as constraintCatalog,TABLE_NAME as tableName,TABLE_SCHEMA as tableSchema,TABLE_SCHEMA as tableCatalog,COLUMN_NAME as columnName,REFERENCED_TABLE_SCHEMA as referencedTableSchema,REFERENCED_TABLE_SCHEMA as referencedTableCatalog,REFERENCED_TABLE_NAME as referencedTableName,REFERENCED_COLUMN_NAME as referencedColumnName FROM INFORMATION_SCHEMA.KEY_COLUMN_USAGE where TABLE_NAME = 'Students' AND CONSTRAINT_NAME!='PRIMARY' AND CONSTRAINT_SCHEMA='school' AND REFERENCED_TABLE_NAME IS NOT NULL;

sql [2025-06-09 17:06:37] [DEBUG]: Executing (default): ALTER TABLE `Students` CHANGE `name` `name` VARCHAR(255) NOT NULL;

sql [2025-06-09 17:06:37] [DEBUG]: Executing (default): ALTER TABLE `Students` CHANGE `Birth` `Birth` DATETIME NOT NULL;

sql [2025-06-09 17:06:37] [DEBUG]: Executing (default): ALTER TABLE `Students` CHANGE `Gender` `Gender` TINYINT(1) NOT NULL;

sql [2025-06-09 17:06:37] [DEBUG]: Executing (default): ALTER TABLE `Students` CHANGE `Phone` `Phone` VARCHAR(12) NOT NULL;

sql [2025-06-09 17:06:37] [DEBUG]: Executing (default): ALTER TABLE `Students` CHANGE `deletedAt` `deletedAt` DATETIME;

sql [2025-06-09 17:06:37] [DEBUG]: Executing (default): ALTER TABLE `Students` ADD FOREIGN KEY (`ClassId`) REFERENCES `Classes` (`id`) ON DELETE CASCADE ON UPDATE CASCADE;

sql [2025-06-09 17:06:37] [DEBUG]: Executing (default): SHOW INDEX FROM `Students`

sql [2025-06-09 17:06:37] [DEBUG]: Executing (default): SELECT TABLE_NAME FROM INFORMATION_SCHEMA.TABLES WHERE TABLE_TYPE = 'BASE TABLE' AND TABLE_NAME = 'Books' AND TABLE_SCHEMA = 'school'

sql [2025-06-09 17:06:37] [DEBUG]: Executing (default): SHOW FULL COLUMNS FROM `Books`;

sql [2025-06-09 17:06:37] [DEBUG]: Executing (default): SELECT CONSTRAINT_NAME as constraint_name,CONSTRAINT_NAME as constraintName,CONSTRAINT_SCHEMA as constraintSchema,CONSTRAINT_SCHEMA as constraintCatalog,TABLE_NAME as tableName,TABLE_SCHEMA as tableSchema,TABLE_SCHEMA as tableCatalog,COLUMN_NAME as columnName,REFERENCED_TABLE_SCHEMA as referencedTableSchema,REFERENCED_TABLE_SCHEMA as referencedTableCatalog,REFERENCED_TABLE_NAME as referencedTableName,REFERENCED_COLUMN_NAME as referencedColumnName FROM INFORMATION_SCHEMA.KEY_COLUMN_USAGE where TABLE_NAME = 'Books' AND CONSTRAINT_NAME!='PRIMARY' AND CONSTRAINT_SCHEMA='school' AND REFERENCED_TABLE_NAME IS NOT NULL;

sql [2025-06-09 17:06:37] [DEBUG]: Executing (default): ALTER TABLE `Books` CHANGE `name` `name` VARCHAR(255) NOT NULL;

sql [2025-06-09 17:06:37] [DEBUG]: Executing (default): ALTER TABLE `Books` CHANGE `imgurl` `imgurl` VARCHAR(255);

sql [2025-06-09 17:06:37] [DEBUG]: Executing (default): ALTER TABLE `Books` CHANGE `publishDate` `publishDate` VARCHAR(255) NOT NULL;

sql [2025-06-09 17:06:37] [DEBUG]: Executing (default): ALTER TABLE `Books` CHANGE `author` `author` VARCHAR(255) NOT NULL;

sql [2025-06-09 17:06:37] [DEBUG]: Executing (default): ALTER TABLE `Books` CHANGE `createdAt` `createdAt` DATETIME NOT NULL;

sql [2025-06-09 17:06:37] [DEBUG]: Executing (default): ALTER TABLE `Books` CHANGE `updatedAt` `updatedAt` DATETIME NOT NULL;

sql [2025-06-09 17:06:37] [DEBUG]: Executing (default): ALTER TABLE `Books` CHANGE `deletedAt` `deletedAt` DATETIME;

sql [2025-06-09 17:06:37] [DEBUG]: Executing (default): SHOW INDEX FROM `Books`

sql [2025-06-09 17:06:37] [DEBUG]: Executing (default): SELECT TABLE_NAME FROM INFORMATION_SCHEMA.TABLES WHERE TABLE_TYPE = 'BASE TABLE' AND TABLE_NAME = 'Admins' AND TABLE_SCHEMA = 'school'

sql [2025-06-09 17:06:37] [DEBUG]: Executing (default): SHOW FULL COLUMNS FROM `Admins`;

sql [2025-06-09 17:06:37] [DEBUG]: Executing (default): SELECT CONSTRAINT_NAME as constraint_name,CONSTRAINT_NAME as constraintName,CONSTRAINT_SCHEMA as constraintSchema,CONSTRAINT_SCHEMA as constraintCatalog,TABLE_NAME as tableName,TABLE_SCHEMA as tableSchema,TABLE_SCHEMA as tableCatalog,COLUMN_NAME as columnName,REFERENCED_TABLE_SCHEMA as referencedTableSchema,REFERENCED_TABLE_SCHEMA as referencedTableCatalog,REFERENCED_TABLE_NAME as referencedTableName,REFERENCED_COLUMN_NAME as referencedColumnName FROM INFORMATION_SCHEMA.KEY_COLUMN_USAGE where TABLE_NAME = 'Admins' AND CONSTRAINT_NAME!='PRIMARY' AND CONSTRAINT_SCHEMA='school' AND REFERENCED_TABLE_NAME IS NOT NULL;

sql [2025-06-09 17:06:37] [DEBUG]: Executing (default): ALTER TABLE `Admins` CHANGE `loginId` `loginId` VARCHAR(255) NOT NULL;

sql [2025-06-09 17:06:37] [DEBUG]: Executing (default): ALTER TABLE `Admins` CHANGE `loginPwd` `loginPwd` VARCHAR(255) NOT NULL;

sql [2025-06-09 17:06:37] [DEBUG]: Executing (default): ALTER TABLE `Admins` CHANGE `name` `name` VARCHAR(255) NOT NULL;

sql [2025-06-09 17:06:37] [DEBUG]: Executing (default): ALTER TABLE `Admins` CHANGE `deletedAt` `deletedAt` DATETIME;

sql [2025-06-09 17:06:37] [DEBUG]: Executing (default): SHOW INDEX FROM `Admins`

sql [2025-06-09 17:07:02] [DEBUG]: Executing (default): SELECT TABLE_NAME FROM INFORMATION_SCHEMA.TABLES WHERE TABLE_TYPE = 'BASE TABLE' AND TABLE_NAME = 'Classes' AND TABLE_SCHEMA = 'school'

sql [2025-06-09 17:07:02] [DEBUG]: Executing (default): SHOW FULL COLUMNS FROM `Classes`;

sql [2025-06-09 17:07:02] [DEBUG]: Executing (default): SELECT CONSTRAINT_NAME as constraint_name,CONSTRAINT_NAME as constraintName,CONSTRAINT_SCHEMA as constraintSchema,CONSTRAINT_SCHEMA as constraintCatalog,TABLE_NAME as tableName,TABLE_SCHEMA as tableSchema,TABLE_SCHEMA as tableCatalog,COLUMN_NAME as columnName,REFERENCED_TABLE_SCHEMA as referencedTableSchema,REFERENCED_TABLE_SCHEMA as referencedTableCatalog,REFERENCED_TABLE_NAME as referencedTableName,REFERENCED_COLUMN_NAME as referencedColumnName FROM INFORMATION_SCHEMA.KEY_COLUMN_USAGE where TABLE_NAME = 'Classes' AND CONSTRAINT_NAME!='PRIMARY' AND CONSTRAINT_SCHEMA='school' AND REFERENCED_TABLE_NAME IS NOT NULL;

sql [2025-06-09 17:07:02] [DEBUG]: Executing (default): ALTER TABLE `Classes` CHANGE `name` `name` VARCHAR(255) NOT NULL;

sql [2025-06-09 17:07:02] [DEBUG]: Executing (default): ALTER TABLE `Classes` CHANGE `openDate` `openDate` DATETIME NOT NULL;

sql [2025-06-09 17:07:02] [DEBUG]: Executing (default): ALTER TABLE `Classes` CHANGE `deletedAt` `deletedAt` DATETIME;

sql [2025-06-09 17:07:02] [DEBUG]: Executing (default): SHOW INDEX FROM `Classes`

sql [2025-06-09 17:07:02] [DEBUG]: Executing (default): SELECT TABLE_NAME FROM INFORMATION_SCHEMA.TABLES WHERE TABLE_TYPE = 'BASE TABLE' AND TABLE_NAME = 'Students' AND TABLE_SCHEMA = 'school'

sql [2025-06-09 17:07:02] [DEBUG]: Executing (default): SHOW FULL COLUMNS FROM `Students`;

sql [2025-06-09 17:07:02] [DEBUG]: Executing (default): SELECT CONSTRAINT_NAME as constraint_name,CONSTRAINT_NAME as constraintName,CONSTRAINT_SCHEMA as constraintSchema,CONSTRAINT_SCHEMA as constraintCatalog,TABLE_NAME as tableName,TABLE_SCHEMA as tableSchema,TABLE_SCHEMA as tableCatalog,COLUMN_NAME as columnName,REFERENCED_TABLE_SCHEMA as referencedTableSchema,REFERENCED_TABLE_SCHEMA as referencedTableCatalog,REFERENCED_TABLE_NAME as referencedTableName,REFERENCED_COLUMN_NAME as referencedColumnName FROM INFORMATION_SCHEMA.KEY_COLUMN_USAGE where TABLE_NAME = 'Students' AND CONSTRAINT_NAME!='PRIMARY' AND CONSTRAINT_SCHEMA='school' AND REFERENCED_TABLE_NAME IS NOT NULL;

sql [2025-06-09 17:07:02] [DEBUG]: Executing (default): ALTER TABLE `Students` CHANGE `name` `name` VARCHAR(255) NOT NULL;

sql [2025-06-09 17:07:02] [DEBUG]: Executing (default): ALTER TABLE `Students` CHANGE `Birth` `Birth` DATETIME NOT NULL;

sql [2025-06-09 17:07:02] [DEBUG]: Executing (default): ALTER TABLE `Students` CHANGE `Gender` `Gender` TINYINT(1) NOT NULL;

sql [2025-06-09 17:07:03] [DEBUG]: Executing (default): ALTER TABLE `Students` CHANGE `Phone` `Phone` VARCHAR(12) NOT NULL;

sql [2025-06-09 17:07:03] [DEBUG]: Executing (default): ALTER TABLE `Students` CHANGE `deletedAt` `deletedAt` DATETIME;

sql [2025-06-09 17:07:03] [DEBUG]: Executing (default): ALTER TABLE `Students` ADD FOREIGN KEY (`ClassId`) REFERENCES `Classes` (`id`) ON DELETE CASCADE ON UPDATE CASCADE;

sql [2025-06-09 17:07:03] [DEBUG]: Executing (default): SHOW INDEX FROM `Students`

sql [2025-06-09 17:07:03] [DEBUG]: Executing (default): SELECT TABLE_NAME FROM INFORMATION_SCHEMA.TABLES WHERE TABLE_TYPE = 'BASE TABLE' AND TABLE_NAME = 'Books' AND TABLE_SCHEMA = 'school'

sql [2025-06-09 17:07:03] [DEBUG]: Executing (default): SHOW FULL COLUMNS FROM `Books`;

sql [2025-06-09 17:07:03] [DEBUG]: Executing (default): SELECT CONSTRAINT_NAME as constraint_name,CONSTRAINT_NAME as constraintName,CONSTRAINT_SCHEMA as constraintSchema,CONSTRAINT_SCHEMA as constraintCatalog,TABLE_NAME as tableName,TABLE_SCHEMA as tableSchema,TABLE_SCHEMA as tableCatalog,COLUMN_NAME as columnName,REFERENCED_TABLE_SCHEMA as referencedTableSchema,REFERENCED_TABLE_SCHEMA as referencedTableCatalog,REFERENCED_TABLE_NAME as referencedTableName,REFERENCED_COLUMN_NAME as referencedColumnName FROM INFORMATION_SCHEMA.KEY_COLUMN_USAGE where TABLE_NAME = 'Books' AND CONSTRAINT_NAME!='PRIMARY' AND CONSTRAINT_SCHEMA='school' AND REFERENCED_TABLE_NAME IS NOT NULL;

sql [2025-06-09 17:07:03] [DEBUG]: Executing (default): ALTER TABLE `Books` CHANGE `name` `name` VARCHAR(255) NOT NULL;

sql [2025-06-09 17:07:03] [DEBUG]: Executing (default): ALTER TABLE `Books` CHANGE `imgurl` `imgurl` VARCHAR(255);

sql [2025-06-09 17:07:03] [DEBUG]: Executing (default): ALTER TABLE `Books` CHANGE `publishDate` `publishDate` VARCHAR(255) NOT NULL;

sql [2025-06-09 17:07:03] [DEBUG]: Executing (default): ALTER TABLE `Books` CHANGE `author` `author` VARCHAR(255) NOT NULL;

sql [2025-06-09 17:07:03] [DEBUG]: Executing (default): ALTER TABLE `Books` CHANGE `createdAt` `createdAt` DATETIME NOT NULL;

sql [2025-06-09 17:07:03] [DEBUG]: Executing (default): ALTER TABLE `Books` CHANGE `updatedAt` `updatedAt` DATETIME NOT NULL;

sql [2025-06-09 17:07:03] [DEBUG]: Executing (default): ALTER TABLE `Books` CHANGE `deletedAt` `deletedAt` DATETIME;

sql [2025-06-09 17:07:03] [DEBUG]: Executing (default): SHOW INDEX FROM `Books`

sql [2025-06-09 17:07:03] [DEBUG]: Executing (default): SELECT TABLE_NAME FROM INFORMATION_SCHEMA.TABLES WHERE TABLE_TYPE = 'BASE TABLE' AND TABLE_NAME = 'Admins' AND TABLE_SCHEMA = 'school'

sql [2025-06-09 17:07:03] [DEBUG]: Executing (default): SHOW FULL COLUMNS FROM `Admins`;

sql [2025-06-09 17:07:03] [DEBUG]: Executing (default): SELECT CONSTRAINT_NAME as constraint_name,CONSTRAINT_NAME as constraintName,CONSTRAINT_SCHEMA as constraintSchema,CONSTRAINT_SCHEMA as constraintCatalog,TABLE_NAME as tableName,TABLE_SCHEMA as tableSchema,TABLE_SCHEMA as tableCatalog,COLUMN_NAME as columnName,REFERENCED_TABLE_SCHEMA as referencedTableSchema,REFERENCED_TABLE_SCHEMA as referencedTableCatalog,REFERENCED_TABLE_NAME as referencedTableName,REFERENCED_COLUMN_NAME as referencedColumnName FROM INFORMATION_SCHEMA.KEY_COLUMN_USAGE where TABLE_NAME = 'Admins' AND CONSTRAINT_NAME!='PRIMARY' AND CONSTRAINT_SCHEMA='school' AND REFERENCED_TABLE_NAME IS NOT NULL;

sql [2025-06-09 17:07:03] [DEBUG]: Executing (default): ALTER TABLE `Admins` CHANGE `loginId` `loginId` VARCHAR(255) NOT NULL;

sql [2025-06-09 17:07:03] [DEBUG]: Executing (default): ALTER TABLE `Admins` CHANGE `loginPwd` `loginPwd` VARCHAR(255) NOT NULL;

sql [2025-06-09 17:07:03] [DEBUG]: Executing (default): ALTER TABLE `Admins` CHANGE `name` `name` VARCHAR(255) NOT NULL;

sql [2025-06-09 17:07:03] [DEBUG]: Executing (default): ALTER TABLE `Admins` CHANGE `deletedAt` `deletedAt` DATETIME;

sql [2025-06-09 17:07:03] [DEBUG]: Executing (default): SHOW INDEX FROM `Admins`

sql [2025-06-09 17:07:35] [DEBUG]: Executing (default): SELECT TABLE_NAME FROM INFORMATION_SCHEMA.TABLES WHERE TABLE_TYPE = 'BASE TABLE' AND TABLE_NAME = 'Classes' AND TABLE_SCHEMA = 'school'

sql [2025-06-09 17:07:35] [DEBUG]: Executing (default): SHOW FULL COLUMNS FROM `Classes`;

sql [2025-06-09 17:07:35] [DEBUG]: Executing (default): SELECT CONSTRAINT_NAME as constraint_name,CONSTRAINT_NAME as constraintName,CONSTRAINT_SCHEMA as constraintSchema,CONSTRAINT_SCHEMA as constraintCatalog,TABLE_NAME as tableName,TABLE_SCHEMA as tableSchema,TABLE_SCHEMA as tableCatalog,COLUMN_NAME as columnName,REFERENCED_TABLE_SCHEMA as referencedTableSchema,REFERENCED_TABLE_SCHEMA as referencedTableCatalog,REFERENCED_TABLE_NAME as referencedTableName,REFERENCED_COLUMN_NAME as referencedColumnName FROM INFORMATION_SCHEMA.KEY_COLUMN_USAGE where TABLE_NAME = 'Classes' AND CONSTRAINT_NAME!='PRIMARY' AND CONSTRAINT_SCHEMA='school' AND REFERENCED_TABLE_NAME IS NOT NULL;

sql [2025-06-09 17:07:35] [DEBUG]: Executing (default): ALTER TABLE `Classes` CHANGE `name` `name` VARCHAR(255) NOT NULL;

sql [2025-06-09 17:07:35] [DEBUG]: Executing (default): ALTER TABLE `Classes` CHANGE `openDate` `openDate` DATETIME NOT NULL;

sql [2025-06-09 17:07:35] [DEBUG]: Executing (default): ALTER TABLE `Classes` CHANGE `deletedAt` `deletedAt` DATETIME;

sql [2025-06-09 17:07:35] [DEBUG]: Executing (default): SHOW INDEX FROM `Classes`

sql [2025-06-09 17:07:35] [DEBUG]: Executing (default): SELECT TABLE_NAME FROM INFORMATION_SCHEMA.TABLES WHERE TABLE_TYPE = 'BASE TABLE' AND TABLE_NAME = 'Students' AND TABLE_SCHEMA = 'school'

sql [2025-06-09 17:07:35] [DEBUG]: Executing (default): SHOW FULL COLUMNS FROM `Students`;

sql [2025-06-09 17:07:35] [DEBUG]: Executing (default): SELECT CONSTRAINT_NAME as constraint_name,CONSTRAINT_NAME as constraintName,CONSTRAINT_SCHEMA as constraintSchema,CONSTRAINT_SCHEMA as constraintCatalog,TABLE_NAME as tableName,TABLE_SCHEMA as tableSchema,TABLE_SCHEMA as tableCatalog,COLUMN_NAME as columnName,REFERENCED_TABLE_SCHEMA as referencedTableSchema,REFERENCED_TABLE_SCHEMA as referencedTableCatalog,REFERENCED_TABLE_NAME as referencedTableName,REFERENCED_COLUMN_NAME as referencedColumnName FROM INFORMATION_SCHEMA.KEY_COLUMN_USAGE where TABLE_NAME = 'Students' AND CONSTRAINT_NAME!='PRIMARY' AND CONSTRAINT_SCHEMA='school' AND REFERENCED_TABLE_NAME IS NOT NULL;

sql [2025-06-09 17:07:35] [DEBUG]: Executing (default): ALTER TABLE `Students` CHANGE `name` `name` VARCHAR(255) NOT NULL;

sql [2025-06-09 17:07:35] [DEBUG]: Executing (default): ALTER TABLE `Students` CHANGE `Birth` `Birth` DATETIME NOT NULL;

sql [2025-06-09 17:07:35] [DEBUG]: Executing (default): ALTER TABLE `Students` CHANGE `Gender` `Gender` TINYINT(1) NOT NULL;

sql [2025-06-09 17:07:35] [DEBUG]: Executing (default): ALTER TABLE `Students` CHANGE `Phone` `Phone` VARCHAR(12) NOT NULL;

sql [2025-06-09 17:07:35] [DEBUG]: Executing (default): ALTER TABLE `Students` CHANGE `deletedAt` `deletedAt` DATETIME;

sql [2025-06-09 17:07:35] [DEBUG]: Executing (default): ALTER TABLE `Students` ADD FOREIGN KEY (`ClassId`) REFERENCES `Classes` (`id`) ON DELETE CASCADE ON UPDATE CASCADE;

sql [2025-06-09 17:07:35] [DEBUG]: Executing (default): SHOW INDEX FROM `Students`

sql [2025-06-09 17:07:35] [DEBUG]: Executing (default): SELECT TABLE_NAME FROM INFORMATION_SCHEMA.TABLES WHERE TABLE_TYPE = 'BASE TABLE' AND TABLE_NAME = 'Books' AND TABLE_SCHEMA = 'school'

sql [2025-06-09 17:07:35] [DEBUG]: Executing (default): SHOW FULL COLUMNS FROM `Books`;

sql [2025-06-09 17:07:35] [DEBUG]: Executing (default): SELECT CONSTRAINT_NAME as constraint_name,CONSTRAINT_NAME as constraintName,CONSTRAINT_SCHEMA as constraintSchema,CONSTRAINT_SCHEMA as constraintCatalog,TABLE_NAME as tableName,TABLE_SCHEMA as tableSchema,TABLE_SCHEMA as tableCatalog,COLUMN_NAME as columnName,REFERENCED_TABLE_SCHEMA as referencedTableSchema,REFERENCED_TABLE_SCHEMA as referencedTableCatalog,REFERENCED_TABLE_NAME as referencedTableName,REFERENCED_COLUMN_NAME as referencedColumnName FROM INFORMATION_SCHEMA.KEY_COLUMN_USAGE where TABLE_NAME = 'Books' AND CONSTRAINT_NAME!='PRIMARY' AND CONSTRAINT_SCHEMA='school' AND REFERENCED_TABLE_NAME IS NOT NULL;

sql [2025-06-09 17:07:35] [DEBUG]: Executing (default): ALTER TABLE `Books` CHANGE `name` `name` VARCHAR(255) NOT NULL;

sql [2025-06-09 17:07:35] [DEBUG]: Executing (default): ALTER TABLE `Books` CHANGE `imgurl` `imgurl` VARCHAR(255);

sql [2025-06-09 17:07:35] [DEBUG]: Executing (default): ALTER TABLE `Books` CHANGE `publishDate` `publishDate` VARCHAR(255) NOT NULL;

sql [2025-06-09 17:07:35] [DEBUG]: Executing (default): ALTER TABLE `Books` CHANGE `author` `author` VARCHAR(255) NOT NULL;

sql [2025-06-09 17:07:35] [DEBUG]: Executing (default): ALTER TABLE `Books` CHANGE `createdAt` `createdAt` DATETIME NOT NULL;

sql [2025-06-09 17:07:35] [DEBUG]: Executing (default): ALTER TABLE `Books` CHANGE `updatedAt` `updatedAt` DATETIME NOT NULL;

sql [2025-06-09 17:07:35] [DEBUG]: Executing (default): ALTER TABLE `Books` CHANGE `deletedAt` `deletedAt` DATETIME;

sql [2025-06-09 17:07:35] [DEBUG]: Executing (default): SHOW INDEX FROM `Books`

sql [2025-06-09 17:07:35] [DEBUG]: Executing (default): SELECT TABLE_NAME FROM INFORMATION_SCHEMA.TABLES WHERE TABLE_TYPE = 'BASE TABLE' AND TABLE_NAME = 'Admins' AND TABLE_SCHEMA = 'school'

sql [2025-06-09 17:07:35] [DEBUG]: Executing (default): SHOW FULL COLUMNS FROM `Admins`;

sql [2025-06-09 17:07:35] [DEBUG]: Executing (default): SELECT CONSTRAINT_NAME as constraint_name,CONSTRAINT_NAME as constraintName,CONSTRAINT_SCHEMA as constraintSchema,CONSTRAINT_SCHEMA as constraintCatalog,TABLE_NAME as tableName,TABLE_SCHEMA as tableSchema,TABLE_SCHEMA as tableCatalog,COLUMN_NAME as columnName,REFERENCED_TABLE_SCHEMA as referencedTableSchema,REFERENCED_TABLE_SCHEMA as referencedTableCatalog,REFERENCED_TABLE_NAME as referencedTableName,REFERENCED_COLUMN_NAME as referencedColumnName FROM INFORMATION_SCHEMA.KEY_COLUMN_USAGE where TABLE_NAME = 'Admins' AND CONSTRAINT_NAME!='PRIMARY' AND CONSTRAINT_SCHEMA='school' AND REFERENCED_TABLE_NAME IS NOT NULL;

sql [2025-06-09 17:07:35] [DEBUG]: Executing (default): ALTER TABLE `Admins` CHANGE `loginId` `loginId` VARCHAR(255) NOT NULL;

sql [2025-06-09 17:07:35] [DEBUG]: Executing (default): ALTER TABLE `Admins` CHANGE `loginPwd` `loginPwd` VARCHAR(255) NOT NULL;

sql [2025-06-09 17:07:35] [DEBUG]: Executing (default): ALTER TABLE `Admins` CHANGE `name` `name` VARCHAR(255) NOT NULL;

sql [2025-06-09 17:07:35] [DEBUG]: Executing (default): ALTER TABLE `Admins` CHANGE `deletedAt` `deletedAt` DATETIME;

sql [2025-06-09 17:07:35] [DEBUG]: Executing (default): SHOW INDEX FROM `Admins`

sql [2025-06-09 17:08:33] [DEBUG]: Executing (default): SELECT TABLE_NAME FROM INFORMATION_SCHEMA.TABLES WHERE TABLE_TYPE = 'BASE TABLE' AND TABLE_NAME = 'Classes' AND TABLE_SCHEMA = 'school'

sql [2025-06-09 17:08:33] [DEBUG]: Executing (default): SHOW FULL COLUMNS FROM `Classes`;

sql [2025-06-09 17:08:33] [DEBUG]: Executing (default): SELECT CONSTRAINT_NAME as constraint_name,CONSTRAINT_NAME as constraintName,CONSTRAINT_SCHEMA as constraintSchema,CONSTRAINT_SCHEMA as constraintCatalog,TABLE_NAME as tableName,TABLE_SCHEMA as tableSchema,TABLE_SCHEMA as tableCatalog,COLUMN_NAME as columnName,REFERENCED_TABLE_SCHEMA as referencedTableSchema,REFERENCED_TABLE_SCHEMA as referencedTableCatalog,REFERENCED_TABLE_NAME as referencedTableName,REFERENCED_COLUMN_NAME as referencedColumnName FROM INFORMATION_SCHEMA.KEY_COLUMN_USAGE where TABLE_NAME = 'Classes' AND CONSTRAINT_NAME!='PRIMARY' AND CONSTRAINT_SCHEMA='school' AND REFERENCED_TABLE_NAME IS NOT NULL;

sql [2025-06-09 17:08:33] [DEBUG]: Executing (default): ALTER TABLE `Classes` CHANGE `name` `name` VARCHAR(255) NOT NULL;

sql [2025-06-09 17:08:33] [DEBUG]: Executing (default): ALTER TABLE `Classes` CHANGE `openDate` `openDate` DATETIME NOT NULL;

sql [2025-06-09 17:08:33] [DEBUG]: Executing (default): ALTER TABLE `Classes` CHANGE `deletedAt` `deletedAt` DATETIME;

sql [2025-06-09 17:08:33] [DEBUG]: Executing (default): SHOW INDEX FROM `Classes`

sql [2025-06-09 17:08:33] [DEBUG]: Executing (default): SELECT TABLE_NAME FROM INFORMATION_SCHEMA.TABLES WHERE TABLE_TYPE = 'BASE TABLE' AND TABLE_NAME = 'Students' AND TABLE_SCHEMA = 'school'

sql [2025-06-09 17:08:33] [DEBUG]: Executing (default): SHOW FULL COLUMNS FROM `Students`;

sql [2025-06-09 17:08:33] [DEBUG]: Executing (default): SELECT CONSTRAINT_NAME as constraint_name,CONSTRAINT_NAME as constraintName,CONSTRAINT_SCHEMA as constraintSchema,CONSTRAINT_SCHEMA as constraintCatalog,TABLE_NAME as tableName,TABLE_SCHEMA as tableSchema,TABLE_SCHEMA as tableCatalog,COLUMN_NAME as columnName,REFERENCED_TABLE_SCHEMA as referencedTableSchema,REFERENCED_TABLE_SCHEMA as referencedTableCatalog,REFERENCED_TABLE_NAME as referencedTableName,REFERENCED_COLUMN_NAME as referencedColumnName FROM INFORMATION_SCHEMA.KEY_COLUMN_USAGE where TABLE_NAME = 'Students' AND CONSTRAINT_NAME!='PRIMARY' AND CONSTRAINT_SCHEMA='school' AND REFERENCED_TABLE_NAME IS NOT NULL;

sql [2025-06-09 17:08:33] [DEBUG]: Executing (default): ALTER TABLE `Students` CHANGE `name` `name` VARCHAR(255) NOT NULL;

sql [2025-06-09 17:08:33] [DEBUG]: Executing (default): ALTER TABLE `Students` CHANGE `Birth` `Birth` DATETIME NOT NULL;

sql [2025-06-09 17:08:33] [DEBUG]: Executing (default): ALTER TABLE `Students` CHANGE `Gender` `Gender` TINYINT(1) NOT NULL;

sql [2025-06-09 17:08:33] [DEBUG]: Executing (default): ALTER TABLE `Students` CHANGE `Phone` `Phone` VARCHAR(12) NOT NULL;

sql [2025-06-09 17:08:33] [DEBUG]: Executing (default): ALTER TABLE `Students` CHANGE `deletedAt` `deletedAt` DATETIME;

sql [2025-06-09 17:08:33] [DEBUG]: Executing (default): ALTER TABLE `Students` ADD FOREIGN KEY (`ClassId`) REFERENCES `Classes` (`id`) ON DELETE CASCADE ON UPDATE CASCADE;

sql [2025-06-09 17:08:33] [DEBUG]: Executing (default): SHOW INDEX FROM `Students`

sql [2025-06-09 17:08:33] [DEBUG]: Executing (default): SELECT TABLE_NAME FROM INFORMATION_SCHEMA.TABLES WHERE TABLE_TYPE = 'BASE TABLE' AND TABLE_NAME = 'Books' AND TABLE_SCHEMA = 'school'

sql [2025-06-09 17:08:33] [DEBUG]: Executing (default): SHOW FULL COLUMNS FROM `Books`;

sql [2025-06-09 17:08:33] [DEBUG]: Executing (default): SELECT CONSTRAINT_NAME as constraint_name,CONSTRAINT_NAME as constraintName,CONSTRAINT_SCHEMA as constraintSchema,CONSTRAINT_SCHEMA as constraintCatalog,TABLE_NAME as tableName,TABLE_SCHEMA as tableSchema,TABLE_SCHEMA as tableCatalog,COLUMN_NAME as columnName,REFERENCED_TABLE_SCHEMA as referencedTableSchema,REFERENCED_TABLE_SCHEMA as referencedTableCatalog,REFERENCED_TABLE_NAME as referencedTableName,REFERENCED_COLUMN_NAME as referencedColumnName FROM INFORMATION_SCHEMA.KEY_COLUMN_USAGE where TABLE_NAME = 'Books' AND CONSTRAINT_NAME!='PRIMARY' AND CONSTRAINT_SCHEMA='school' AND REFERENCED_TABLE_NAME IS NOT NULL;

sql [2025-06-09 17:08:33] [DEBUG]: Executing (default): ALTER TABLE `Books` CHANGE `name` `name` VARCHAR(255) NOT NULL;

sql [2025-06-09 17:08:33] [DEBUG]: Executing (default): ALTER TABLE `Books` CHANGE `imgurl` `imgurl` VARCHAR(255);

sql [2025-06-09 17:08:33] [DEBUG]: Executing (default): ALTER TABLE `Books` CHANGE `publishDate` `publishDate` VARCHAR(255) NOT NULL;

sql [2025-06-09 17:08:33] [DEBUG]: Executing (default): ALTER TABLE `Books` CHANGE `author` `author` VARCHAR(255) NOT NULL;

sql [2025-06-09 17:08:33] [DEBUG]: Executing (default): ALTER TABLE `Books` CHANGE `createdAt` `createdAt` DATETIME NOT NULL;

sql [2025-06-09 17:08:33] [DEBUG]: Executing (default): ALTER TABLE `Books` CHANGE `updatedAt` `updatedAt` DATETIME NOT NULL;

sql [2025-06-09 17:08:33] [DEBUG]: Executing (default): ALTER TABLE `Books` CHANGE `deletedAt` `deletedAt` DATETIME;

sql [2025-06-09 17:08:33] [DEBUG]: Executing (default): SHOW INDEX FROM `Books`

sql [2025-06-09 17:08:33] [DEBUG]: Executing (default): SELECT TABLE_NAME FROM INFORMATION_SCHEMA.TABLES WHERE TABLE_TYPE = 'BASE TABLE' AND TABLE_NAME = 'Admins' AND TABLE_SCHEMA = 'school'

sql [2025-06-09 17:08:33] [DEBUG]: Executing (default): SHOW FULL COLUMNS FROM `Admins`;

sql [2025-06-09 17:08:33] [DEBUG]: Executing (default): SELECT CONSTRAINT_NAME as constraint_name,CONSTRAINT_NAME as constraintName,CONSTRAINT_SCHEMA as constraintSchema,CONSTRAINT_SCHEMA as constraintCatalog,TABLE_NAME as tableName,TABLE_SCHEMA as tableSchema,TABLE_SCHEMA as tableCatalog,COLUMN_NAME as columnName,REFERENCED_TABLE_SCHEMA as referencedTableSchema,REFERENCED_TABLE_SCHEMA as referencedTableCatalog,REFERENCED_TABLE_NAME as referencedTableName,REFERENCED_COLUMN_NAME as referencedColumnName FROM INFORMATION_SCHEMA.KEY_COLUMN_USAGE where TABLE_NAME = 'Admins' AND CONSTRAINT_NAME!='PRIMARY' AND CONSTRAINT_SCHEMA='school' AND REFERENCED_TABLE_NAME IS NOT NULL;

sql [2025-06-09 17:08:33] [DEBUG]: Executing (default): ALTER TABLE `Admins` CHANGE `loginId` `loginId` VARCHAR(255) NOT NULL;

sql [2025-06-09 17:08:33] [DEBUG]: Executing (default): ALTER TABLE `Admins` CHANGE `loginPwd` `loginPwd` VARCHAR(255) NOT NULL;

sql [2025-06-09 17:08:33] [DEBUG]: Executing (default): ALTER TABLE `Admins` CHANGE `name` `name` VARCHAR(255) NOT NULL;

sql [2025-06-09 17:08:33] [DEBUG]: Executing (default): ALTER TABLE `Admins` CHANGE `deletedAt` `deletedAt` DATETIME;

sql [2025-06-09 17:08:33] [DEBUG]: Executing (default): SHOW INDEX FROM `Admins`

sql [2025-06-09 17:14:02] [DEBUG]: Executing (default): SELECT TABLE_NAME FROM INFORMATION_SCHEMA.TABLES WHERE TABLE_TYPE = 'BASE TABLE' AND TABLE_NAME = 'Classes' AND TABLE_SCHEMA = 'school'

sql [2025-06-09 17:14:02] [DEBUG]: Executing (default): SHOW FULL COLUMNS FROM `Classes`;

sql [2025-06-09 17:14:02] [DEBUG]: Executing (default): SELECT CONSTRAINT_NAME as constraint_name,CONSTRAINT_NAME as constraintName,CONSTRAINT_SCHEMA as constraintSchema,CONSTRAINT_SCHEMA as constraintCatalog,TABLE_NAME as tableName,TABLE_SCHEMA as tableSchema,TABLE_SCHEMA as tableCatalog,COLUMN_NAME as columnName,REFERENCED_TABLE_SCHEMA as referencedTableSchema,REFERENCED_TABLE_SCHEMA as referencedTableCatalog,REFERENCED_TABLE_NAME as referencedTableName,REFERENCED_COLUMN_NAME as referencedColumnName FROM INFORMATION_SCHEMA.KEY_COLUMN_USAGE where TABLE_NAME = 'Classes' AND CONSTRAINT_NAME!='PRIMARY' AND CONSTRAINT_SCHEMA='school' AND REFERENCED_TABLE_NAME IS NOT NULL;

sql [2025-06-09 17:14:02] [DEBUG]: Executing (default): ALTER TABLE `Classes` CHANGE `name` `name` VARCHAR(255) NOT NULL;

sql [2025-06-09 17:14:02] [DEBUG]: Executing (default): ALTER TABLE `Classes` CHANGE `openDate` `openDate` DATETIME NOT NULL;

sql [2025-06-09 17:14:02] [DEBUG]: Executing (default): ALTER TABLE `Classes` CHANGE `deletedAt` `deletedAt` DATETIME;

sql [2025-06-09 17:14:02] [DEBUG]: Executing (default): SHOW INDEX FROM `Classes`

sql [2025-06-09 17:14:02] [DEBUG]: Executing (default): SELECT TABLE_NAME FROM INFORMATION_SCHEMA.TABLES WHERE TABLE_TYPE = 'BASE TABLE' AND TABLE_NAME = 'Students' AND TABLE_SCHEMA = 'school'

sql [2025-06-09 17:14:02] [DEBUG]: Executing (default): SHOW FULL COLUMNS FROM `Students`;

sql [2025-06-09 17:14:02] [DEBUG]: Executing (default): SELECT CONSTRAINT_NAME as constraint_name,CONSTRAINT_NAME as constraintName,CONSTRAINT_SCHEMA as constraintSchema,CONSTRAINT_SCHEMA as constraintCatalog,TABLE_NAME as tableName,TABLE_SCHEMA as tableSchema,TABLE_SCHEMA as tableCatalog,COLUMN_NAME as columnName,REFERENCED_TABLE_SCHEMA as referencedTableSchema,REFERENCED_TABLE_SCHEMA as referencedTableCatalog,REFERENCED_TABLE_NAME as referencedTableName,REFERENCED_COLUMN_NAME as referencedColumnName FROM INFORMATION_SCHEMA.KEY_COLUMN_USAGE where TABLE_NAME = 'Students' AND CONSTRAINT_NAME!='PRIMARY' AND CONSTRAINT_SCHEMA='school' AND REFERENCED_TABLE_NAME IS NOT NULL;

sql [2025-06-09 17:14:02] [DEBUG]: Executing (default): ALTER TABLE `Students` CHANGE `name` `name` VARCHAR(255) NOT NULL;

sql [2025-06-09 17:14:02] [DEBUG]: Executing (default): ALTER TABLE `Students` CHANGE `Birth` `Birth` DATETIME NOT NULL;

sql [2025-06-09 17:14:02] [DEBUG]: Executing (default): ALTER TABLE `Students` CHANGE `Gender` `Gender` TINYINT(1) NOT NULL;

sql [2025-06-09 17:14:02] [DEBUG]: Executing (default): ALTER TABLE `Students` CHANGE `Phone` `Phone` VARCHAR(12) NOT NULL;

sql [2025-06-09 17:14:02] [DEBUG]: Executing (default): ALTER TABLE `Students` CHANGE `deletedAt` `deletedAt` DATETIME;

sql [2025-06-09 17:14:02] [DEBUG]: Executing (default): ALTER TABLE `Students` ADD FOREIGN KEY (`ClassId`) REFERENCES `Classes` (`id`) ON DELETE CASCADE ON UPDATE CASCADE;

sql [2025-06-09 17:14:02] [DEBUG]: Executing (default): SHOW INDEX FROM `Students`

sql [2025-06-09 17:14:02] [DEBUG]: Executing (default): SELECT TABLE_NAME FROM INFORMATION_SCHEMA.TABLES WHERE TABLE_TYPE = 'BASE TABLE' AND TABLE_NAME = 'Books' AND TABLE_SCHEMA = 'school'

sql [2025-06-09 17:14:02] [DEBUG]: Executing (default): SHOW FULL COLUMNS FROM `Books`;

sql [2025-06-09 17:14:02] [DEBUG]: Executing (default): SELECT CONSTRAINT_NAME as constraint_name,CONSTRAINT_NAME as constraintName,CONSTRAINT_SCHEMA as constraintSchema,CONSTRAINT_SCHEMA as constraintCatalog,TABLE_NAME as tableName,TABLE_SCHEMA as tableSchema,TABLE_SCHEMA as tableCatalog,COLUMN_NAME as columnName,REFERENCED_TABLE_SCHEMA as referencedTableSchema,REFERENCED_TABLE_SCHEMA as referencedTableCatalog,REFERENCED_TABLE_NAME as referencedTableName,REFERENCED_COLUMN_NAME as referencedColumnName FROM INFORMATION_SCHEMA.KEY_COLUMN_USAGE where TABLE_NAME = 'Books' AND CONSTRAINT_NAME!='PRIMARY' AND CONSTRAINT_SCHEMA='school' AND REFERENCED_TABLE_NAME IS NOT NULL;

sql [2025-06-09 17:14:02] [DEBUG]: Executing (default): ALTER TABLE `Books` CHANGE `name` `name` VARCHAR(255) NOT NULL;

sql [2025-06-09 17:14:02] [DEBUG]: Executing (default): ALTER TABLE `Books` CHANGE `imgurl` `imgurl` VARCHAR(255);

sql [2025-06-09 17:14:02] [DEBUG]: Executing (default): ALTER TABLE `Books` CHANGE `publishDate` `publishDate` VARCHAR(255) NOT NULL;

sql [2025-06-09 17:14:02] [DEBUG]: Executing (default): ALTER TABLE `Books` CHANGE `author` `author` VARCHAR(255) NOT NULL;

sql [2025-06-09 17:14:02] [DEBUG]: Executing (default): ALTER TABLE `Books` CHANGE `createdAt` `createdAt` DATETIME NOT NULL;

sql [2025-06-09 17:14:02] [DEBUG]: Executing (default): ALTER TABLE `Books` CHANGE `updatedAt` `updatedAt` DATETIME NOT NULL;

sql [2025-06-09 17:14:02] [DEBUG]: Executing (default): ALTER TABLE `Books` CHANGE `deletedAt` `deletedAt` DATETIME;

sql [2025-06-09 17:14:02] [DEBUG]: Executing (default): SHOW INDEX FROM `Books`

sql [2025-06-09 17:14:02] [DEBUG]: Executing (default): SELECT TABLE_NAME FROM INFORMATION_SCHEMA.TABLES WHERE TABLE_TYPE = 'BASE TABLE' AND TABLE_NAME = 'Admins' AND TABLE_SCHEMA = 'school'

sql [2025-06-09 17:14:02] [DEBUG]: Executing (default): SHOW FULL COLUMNS FROM `Admins`;

sql [2025-06-09 17:14:02] [DEBUG]: Executing (default): SELECT CONSTRAINT_NAME as constraint_name,CONSTRAINT_NAME as constraintName,CONSTRAINT_SCHEMA as constraintSchema,CONSTRAINT_SCHEMA as constraintCatalog,TABLE_NAME as tableName,TABLE_SCHEMA as tableSchema,TABLE_SCHEMA as tableCatalog,COLUMN_NAME as columnName,REFERENCED_TABLE_SCHEMA as referencedTableSchema,REFERENCED_TABLE_SCHEMA as referencedTableCatalog,REFERENCED_TABLE_NAME as referencedTableName,REFERENCED_COLUMN_NAME as referencedColumnName FROM INFORMATION_SCHEMA.KEY_COLUMN_USAGE where TABLE_NAME = 'Admins' AND CONSTRAINT_NAME!='PRIMARY' AND CONSTRAINT_SCHEMA='school' AND REFERENCED_TABLE_NAME IS NOT NULL;

sql [2025-06-09 17:14:02] [DEBUG]: Executing (default): ALTER TABLE `Admins` CHANGE `loginId` `loginId` VARCHAR(255) NOT NULL;

sql [2025-06-09 17:14:02] [DEBUG]: Executing (default): ALTER TABLE `Admins` CHANGE `loginPwd` `loginPwd` VARCHAR(255) NOT NULL;

sql [2025-06-09 17:14:02] [DEBUG]: Executing (default): ALTER TABLE `Admins` CHANGE `name` `name` VARCHAR(255) NOT NULL;

sql [2025-06-09 17:14:02] [DEBUG]: Executing (default): ALTER TABLE `Admins` CHANGE `deletedAt` `deletedAt` DATETIME;

sql [2025-06-09 17:14:02] [DEBUG]: Executing (default): SHOW INDEX FROM `Admins`

sql [2025-06-09 17:15:39] [DEBUG]: Executing (default): SELECT TABLE_NAME FROM INFORMATION_SCHEMA.TABLES WHERE TABLE_TYPE = 'BASE TABLE' AND TABLE_NAME = 'Classes' AND TABLE_SCHEMA = 'school'

sql [2025-06-09 17:15:39] [DEBUG]: Executing (default): SHOW FULL COLUMNS FROM `Classes`;

sql [2025-06-09 17:15:39] [DEBUG]: Executing (default): SELECT CONSTRAINT_NAME as constraint_name,CONSTRAINT_NAME as constraintName,CONSTRAINT_SCHEMA as constraintSchema,CONSTRAINT_SCHEMA as constraintCatalog,TABLE_NAME as tableName,TABLE_SCHEMA as tableSchema,TABLE_SCHEMA as tableCatalog,COLUMN_NAME as columnName,REFERENCED_TABLE_SCHEMA as referencedTableSchema,REFERENCED_TABLE_SCHEMA as referencedTableCatalog,REFERENCED_TABLE_NAME as referencedTableName,REFERENCED_COLUMN_NAME as referencedColumnName FROM INFORMATION_SCHEMA.KEY_COLUMN_USAGE where TABLE_NAME = 'Classes' AND CONSTRAINT_NAME!='PRIMARY' AND CONSTRAINT_SCHEMA='school' AND REFERENCED_TABLE_NAME IS NOT NULL;

sql [2025-06-09 17:15:39] [DEBUG]: Executing (default): ALTER TABLE `Classes` CHANGE `name` `name` VARCHAR(255) NOT NULL;

sql [2025-06-09 17:15:39] [DEBUG]: Executing (default): ALTER TABLE `Classes` CHANGE `openDate` `openDate` DATETIME NOT NULL;

sql [2025-06-09 17:15:39] [DEBUG]: Executing (default): ALTER TABLE `Classes` CHANGE `deletedAt` `deletedAt` DATETIME;

sql [2025-06-09 17:15:39] [DEBUG]: Executing (default): SHOW INDEX FROM `Classes`

sql [2025-06-09 17:15:39] [DEBUG]: Executing (default): SELECT TABLE_NAME FROM INFORMATION_SCHEMA.TABLES WHERE TABLE_TYPE = 'BASE TABLE' AND TABLE_NAME = 'Students' AND TABLE_SCHEMA = 'school'

sql [2025-06-09 17:15:39] [DEBUG]: Executing (default): SHOW FULL COLUMNS FROM `Students`;

sql [2025-06-09 17:15:39] [DEBUG]: Executing (default): SELECT CONSTRAINT_NAME as constraint_name,CONSTRAINT_NAME as constraintName,CONSTRAINT_SCHEMA as constraintSchema,CONSTRAINT_SCHEMA as constraintCatalog,TABLE_NAME as tableName,TABLE_SCHEMA as tableSchema,TABLE_SCHEMA as tableCatalog,COLUMN_NAME as columnName,REFERENCED_TABLE_SCHEMA as referencedTableSchema,REFERENCED_TABLE_SCHEMA as referencedTableCatalog,REFERENCED_TABLE_NAME as referencedTableName,REFERENCED_COLUMN_NAME as referencedColumnName FROM INFORMATION_SCHEMA.KEY_COLUMN_USAGE where TABLE_NAME = 'Students' AND CONSTRAINT_NAME!='PRIMARY' AND CONSTRAINT_SCHEMA='school' AND REFERENCED_TABLE_NAME IS NOT NULL;

sql [2025-06-09 17:15:39] [DEBUG]: Executing (default): ALTER TABLE `Students` CHANGE `name` `name` VARCHAR(255) NOT NULL;

sql [2025-06-09 17:15:39] [DEBUG]: Executing (default): ALTER TABLE `Students` CHANGE `Birth` `Birth` DATETIME NOT NULL;

sql [2025-06-09 17:15:39] [DEBUG]: Executing (default): ALTER TABLE `Students` CHANGE `Gender` `Gender` TINYINT(1) NOT NULL;

sql [2025-06-09 17:15:39] [DEBUG]: Executing (default): ALTER TABLE `Students` CHANGE `Phone` `Phone` VARCHAR(12) NOT NULL;

sql [2025-06-09 17:15:39] [DEBUG]: Executing (default): ALTER TABLE `Students` CHANGE `deletedAt` `deletedAt` DATETIME;

sql [2025-06-09 17:15:39] [DEBUG]: Executing (default): ALTER TABLE `Students` ADD FOREIGN KEY (`ClassId`) REFERENCES `Classes` (`id`) ON DELETE CASCADE ON UPDATE CASCADE;

sql [2025-06-09 17:15:39] [DEBUG]: Executing (default): SHOW INDEX FROM `Students`

sql [2025-06-09 17:15:39] [DEBUG]: Executing (default): SELECT TABLE_NAME FROM INFORMATION_SCHEMA.TABLES WHERE TABLE_TYPE = 'BASE TABLE' AND TABLE_NAME = 'Books' AND TABLE_SCHEMA = 'school'

sql [2025-06-09 17:15:39] [DEBUG]: Executing (default): SHOW FULL COLUMNS FROM `Books`;

sql [2025-06-09 17:15:39] [DEBUG]: Executing (default): SELECT CONSTRAINT_NAME as constraint_name,CONSTRAINT_NAME as constraintName,CONSTRAINT_SCHEMA as constraintSchema,CONSTRAINT_SCHEMA as constraintCatalog,TABLE_NAME as tableName,TABLE_SCHEMA as tableSchema,TABLE_SCHEMA as tableCatalog,COLUMN_NAME as columnName,REFERENCED_TABLE_SCHEMA as referencedTableSchema,REFERENCED_TABLE_SCHEMA as referencedTableCatalog,REFERENCED_TABLE_NAME as referencedTableName,REFERENCED_COLUMN_NAME as referencedColumnName FROM INFORMATION_SCHEMA.KEY_COLUMN_USAGE where TABLE_NAME = 'Books' AND CONSTRAINT_NAME!='PRIMARY' AND CONSTRAINT_SCHEMA='school' AND REFERENCED_TABLE_NAME IS NOT NULL;

sql [2025-06-09 17:15:39] [DEBUG]: Executing (default): ALTER TABLE `Books` CHANGE `name` `name` VARCHAR(255) NOT NULL;

sql [2025-06-09 17:15:39] [DEBUG]: Executing (default): ALTER TABLE `Books` CHANGE `imgurl` `imgurl` VARCHAR(255);

sql [2025-06-09 17:15:39] [DEBUG]: Executing (default): ALTER TABLE `Books` CHANGE `publishDate` `publishDate` VARCHAR(255) NOT NULL;

sql [2025-06-09 17:15:39] [DEBUG]: Executing (default): ALTER TABLE `Books` CHANGE `author` `author` VARCHAR(255) NOT NULL;

sql [2025-06-09 17:15:39] [DEBUG]: Executing (default): ALTER TABLE `Books` CHANGE `createdAt` `createdAt` DATETIME NOT NULL;

sql [2025-06-09 17:15:39] [DEBUG]: Executing (default): ALTER TABLE `Books` CHANGE `updatedAt` `updatedAt` DATETIME NOT NULL;

sql [2025-06-09 17:15:39] [DEBUG]: Executing (default): ALTER TABLE `Books` CHANGE `deletedAt` `deletedAt` DATETIME;

sql [2025-06-09 17:15:39] [DEBUG]: Executing (default): SHOW INDEX FROM `Books`

sql [2025-06-09 17:15:39] [DEBUG]: Executing (default): SELECT TABLE_NAME FROM INFORMATION_SCHEMA.TABLES WHERE TABLE_TYPE = 'BASE TABLE' AND TABLE_NAME = 'Admins' AND TABLE_SCHEMA = 'school'

sql [2025-06-09 17:15:39] [DEBUG]: Executing (default): SHOW FULL COLUMNS FROM `Admins`;

sql [2025-06-09 17:15:39] [DEBUG]: Executing (default): SELECT CONSTRAINT_NAME as constraint_name,CONSTRAINT_NAME as constraintName,CONSTRAINT_SCHEMA as constraintSchema,CONSTRAINT_SCHEMA as constraintCatalog,TABLE_NAME as tableName,TABLE_SCHEMA as tableSchema,TABLE_SCHEMA as tableCatalog,COLUMN_NAME as columnName,REFERENCED_TABLE_SCHEMA as referencedTableSchema,REFERENCED_TABLE_SCHEMA as referencedTableCatalog,REFERENCED_TABLE_NAME as referencedTableName,REFERENCED_COLUMN_NAME as referencedColumnName FROM INFORMATION_SCHEMA.KEY_COLUMN_USAGE where TABLE_NAME = 'Admins' AND CONSTRAINT_NAME!='PRIMARY' AND CONSTRAINT_SCHEMA='school' AND REFERENCED_TABLE_NAME IS NOT NULL;

sql [2025-06-09 17:15:39] [DEBUG]: Executing (default): ALTER TABLE `Admins` CHANGE `loginId` `loginId` VARCHAR(255) NOT NULL;

sql [2025-06-09 17:15:39] [DEBUG]: Executing (default): ALTER TABLE `Admins` CHANGE `loginPwd` `loginPwd` VARCHAR(255) NOT NULL;

sql [2025-06-09 17:15:39] [DEBUG]: Executing (default): ALTER TABLE `Admins` CHANGE `name` `name` VARCHAR(255) NOT NULL;

sql [2025-06-09 17:15:39] [DEBUG]: Executing (default): ALTER TABLE `Admins` CHANGE `deletedAt` `deletedAt` DATETIME;

sql [2025-06-09 17:15:39] [DEBUG]: Executing (default): SHOW INDEX FROM `Admins`

sql [2025-06-09 17:21:24] [DEBUG]: Executing (default): SELECT TABLE_NAME FROM INFORMATION_SCHEMA.TABLES WHERE TABLE_TYPE = 'BASE TABLE' AND TABLE_NAME = 'Classes' AND TABLE_SCHEMA = 'school'

sql [2025-06-09 17:21:24] [DEBUG]: Executing (default): SHOW FULL COLUMNS FROM `Classes`;

sql [2025-06-09 17:21:24] [DEBUG]: Executing (default): SELECT CONSTRAINT_NAME as constraint_name,CONSTRAINT_NAME as constraintName,CONSTRAINT_SCHEMA as constraintSchema,CONSTRAINT_SCHEMA as constraintCatalog,TABLE_NAME as tableName,TABLE_SCHEMA as tableSchema,TABLE_SCHEMA as tableCatalog,COLUMN_NAME as columnName,REFERENCED_TABLE_SCHEMA as referencedTableSchema,REFERENCED_TABLE_SCHEMA as referencedTableCatalog,REFERENCED_TABLE_NAME as referencedTableName,REFERENCED_COLUMN_NAME as referencedColumnName FROM INFORMATION_SCHEMA.KEY_COLUMN_USAGE where TABLE_NAME = 'Classes' AND CONSTRAINT_NAME!='PRIMARY' AND CONSTRAINT_SCHEMA='school' AND REFERENCED_TABLE_NAME IS NOT NULL;

sql [2025-06-09 17:21:24] [DEBUG]: Executing (default): ALTER TABLE `Classes` CHANGE `name` `name` VARCHAR(255) NOT NULL;

sql [2025-06-09 17:21:24] [DEBUG]: Executing (default): ALTER TABLE `Classes` CHANGE `openDate` `openDate` DATETIME NOT NULL;

sql [2025-06-09 17:21:24] [DEBUG]: Executing (default): ALTER TABLE `Classes` CHANGE `deletedAt` `deletedAt` DATETIME;

sql [2025-06-09 17:21:24] [DEBUG]: Executing (default): SHOW INDEX FROM `Classes`

sql [2025-06-09 17:21:24] [DEBUG]: Executing (default): SELECT TABLE_NAME FROM INFORMATION_SCHEMA.TABLES WHERE TABLE_TYPE = 'BASE TABLE' AND TABLE_NAME = 'Students' AND TABLE_SCHEMA = 'school'

sql [2025-06-09 17:21:24] [DEBUG]: Executing (default): SHOW FULL COLUMNS FROM `Students`;

sql [2025-06-09 17:21:24] [DEBUG]: Executing (default): SELECT CONSTRAINT_NAME as constraint_name,CONSTRAINT_NAME as constraintName,CONSTRAINT_SCHEMA as constraintSchema,CONSTRAINT_SCHEMA as constraintCatalog,TABLE_NAME as tableName,TABLE_SCHEMA as tableSchema,TABLE_SCHEMA as tableCatalog,COLUMN_NAME as columnName,REFERENCED_TABLE_SCHEMA as referencedTableSchema,REFERENCED_TABLE_SCHEMA as referencedTableCatalog,REFERENCED_TABLE_NAME as referencedTableName,REFERENCED_COLUMN_NAME as referencedColumnName FROM INFORMATION_SCHEMA.KEY_COLUMN_USAGE where TABLE_NAME = 'Students' AND CONSTRAINT_NAME!='PRIMARY' AND CONSTRAINT_SCHEMA='school' AND REFERENCED_TABLE_NAME IS NOT NULL;

sql [2025-06-09 17:21:24] [DEBUG]: Executing (default): ALTER TABLE `Students` CHANGE `name` `name` VARCHAR(255) NOT NULL;

sql [2025-06-09 17:21:24] [DEBUG]: Executing (default): ALTER TABLE `Students` CHANGE `Birth` `Birth` DATETIME NOT NULL;

sql [2025-06-09 17:21:24] [DEBUG]: Executing (default): ALTER TABLE `Students` CHANGE `Gender` `Gender` TINYINT(1) NOT NULL;

sql [2025-06-09 17:21:24] [DEBUG]: Executing (default): ALTER TABLE `Students` CHANGE `Phone` `Phone` VARCHAR(12) NOT NULL;

sql [2025-06-09 17:21:24] [DEBUG]: Executing (default): ALTER TABLE `Students` CHANGE `deletedAt` `deletedAt` DATETIME;

sql [2025-06-09 17:21:24] [DEBUG]: Executing (default): ALTER TABLE `Students` ADD FOREIGN KEY (`ClassId`) REFERENCES `Classes` (`id`) ON DELETE CASCADE ON UPDATE CASCADE;

sql [2025-06-09 17:21:24] [DEBUG]: Executing (default): SHOW INDEX FROM `Students`

sql [2025-06-09 17:21:24] [DEBUG]: Executing (default): SELECT TABLE_NAME FROM INFORMATION_SCHEMA.TABLES WHERE TABLE_TYPE = 'BASE TABLE' AND TABLE_NAME = 'Books' AND TABLE_SCHEMA = 'school'

sql [2025-06-09 17:21:24] [DEBUG]: Executing (default): SHOW FULL COLUMNS FROM `Books`;

sql [2025-06-09 17:21:24] [DEBUG]: Executing (default): SELECT CONSTRAINT_NAME as constraint_name,CONSTRAINT_NAME as constraintName,CONSTRAINT_SCHEMA as constraintSchema,CONSTRAINT_SCHEMA as constraintCatalog,TABLE_NAME as tableName,TABLE_SCHEMA as tableSchema,TABLE_SCHEMA as tableCatalog,COLUMN_NAME as columnName,REFERENCED_TABLE_SCHEMA as referencedTableSchema,REFERENCED_TABLE_SCHEMA as referencedTableCatalog,REFERENCED_TABLE_NAME as referencedTableName,REFERENCED_COLUMN_NAME as referencedColumnName FROM INFORMATION_SCHEMA.KEY_COLUMN_USAGE where TABLE_NAME = 'Books' AND CONSTRAINT_NAME!='PRIMARY' AND CONSTRAINT_SCHEMA='school' AND REFERENCED_TABLE_NAME IS NOT NULL;

sql [2025-06-09 17:21:24] [DEBUG]: Executing (default): ALTER TABLE `Books` CHANGE `name` `name` VARCHAR(255) NOT NULL;

sql [2025-06-09 17:21:24] [DEBUG]: Executing (default): ALTER TABLE `Books` CHANGE `imgurl` `imgurl` VARCHAR(255);

sql [2025-06-09 17:21:24] [DEBUG]: Executing (default): ALTER TABLE `Books` CHANGE `publishDate` `publishDate` VARCHAR(255) NOT NULL;

sql [2025-06-09 17:21:24] [DEBUG]: Executing (default): ALTER TABLE `Books` CHANGE `author` `author` VARCHAR(255) NOT NULL;

sql [2025-06-09 17:21:24] [DEBUG]: Executing (default): ALTER TABLE `Books` CHANGE `createdAt` `createdAt` DATETIME NOT NULL;

sql [2025-06-09 17:21:24] [DEBUG]: Executing (default): ALTER TABLE `Books` CHANGE `updatedAt` `updatedAt` DATETIME NOT NULL;

sql [2025-06-09 17:21:24] [DEBUG]: Executing (default): ALTER TABLE `Books` CHANGE `deletedAt` `deletedAt` DATETIME;

sql [2025-06-09 17:21:24] [DEBUG]: Executing (default): SHOW INDEX FROM `Books`

sql [2025-06-09 17:21:24] [DEBUG]: Executing (default): SELECT TABLE_NAME FROM INFORMATION_SCHEMA.TABLES WHERE TABLE_TYPE = 'BASE TABLE' AND TABLE_NAME = 'Admins' AND TABLE_SCHEMA = 'school'

sql [2025-06-09 17:21:24] [DEBUG]: Executing (default): SHOW FULL COLUMNS FROM `Admins`;

sql [2025-06-09 17:21:24] [DEBUG]: Executing (default): SELECT CONSTRAINT_NAME as constraint_name,CONSTRAINT_NAME as constraintName,CONSTRAINT_SCHEMA as constraintSchema,CONSTRAINT_SCHEMA as constraintCatalog,TABLE_NAME as tableName,TABLE_SCHEMA as tableSchema,TABLE_SCHEMA as tableCatalog,COLUMN_NAME as columnName,REFERENCED_TABLE_SCHEMA as referencedTableSchema,REFERENCED_TABLE_SCHEMA as referencedTableCatalog,REFERENCED_TABLE_NAME as referencedTableName,REFERENCED_COLUMN_NAME as referencedColumnName FROM INFORMATION_SCHEMA.KEY_COLUMN_USAGE where TABLE_NAME = 'Admins' AND CONSTRAINT_NAME!='PRIMARY' AND CONSTRAINT_SCHEMA='school' AND REFERENCED_TABLE_NAME IS NOT NULL;

sql [2025-06-09 17:21:24] [DEBUG]: Executing (default): ALTER TABLE `Admins` CHANGE `loginId` `loginId` VARCHAR(255) NOT NULL;

sql [2025-06-09 17:21:24] [DEBUG]: Executing (default): ALTER TABLE `Admins` CHANGE `loginPwd` `loginPwd` VARCHAR(255) NOT NULL;

sql [2025-06-09 17:21:24] [DEBUG]: Executing (default): ALTER TABLE `Admins` CHANGE `name` `name` VARCHAR(255) NOT NULL;

sql [2025-06-09 17:21:24] [DEBUG]: Executing (default): ALTER TABLE `Admins` CHANGE `deletedAt` `deletedAt` DATETIME;

sql [2025-06-09 17:21:24] [DEBUG]: Executing (default): SHOW INDEX FROM `Admins`

sql [2025-06-09 17:21:45] [DEBUG]: Executing (default): SELECT TABLE_NAME FROM INFORMATION_SCHEMA.TABLES WHERE TABLE_TYPE = 'BASE TABLE' AND TABLE_NAME = 'Classes' AND TABLE_SCHEMA = 'school'

sql [2025-06-09 17:21:45] [DEBUG]: Executing (default): SHOW FULL COLUMNS FROM `Classes`;

sql [2025-06-09 17:21:45] [DEBUG]: Executing (default): SELECT CONSTRAINT_NAME as constraint_name,CONSTRAINT_NAME as constraintName,CONSTRAINT_SCHEMA as constraintSchema,CONSTRAINT_SCHEMA as constraintCatalog,TABLE_NAME as tableName,TABLE_SCHEMA as tableSchema,TABLE_SCHEMA as tableCatalog,COLUMN_NAME as columnName,REFERENCED_TABLE_SCHEMA as referencedTableSchema,REFERENCED_TABLE_SCHEMA as referencedTableCatalog,REFERENCED_TABLE_NAME as referencedTableName,REFERENCED_COLUMN_NAME as referencedColumnName FROM INFORMATION_SCHEMA.KEY_COLUMN_USAGE where TABLE_NAME = 'Classes' AND CONSTRAINT_NAME!='PRIMARY' AND CONSTRAINT_SCHEMA='school' AND REFERENCED_TABLE_NAME IS NOT NULL;

sql [2025-06-09 17:21:45] [DEBUG]: Executing (default): ALTER TABLE `Classes` CHANGE `name` `name` VARCHAR(255) NOT NULL;

sql [2025-06-09 17:21:45] [DEBUG]: Executing (default): ALTER TABLE `Classes` CHANGE `openDate` `openDate` DATETIME NOT NULL;

sql [2025-06-09 17:21:45] [DEBUG]: Executing (default): ALTER TABLE `Classes` CHANGE `deletedAt` `deletedAt` DATETIME;

sql [2025-06-09 17:21:45] [DEBUG]: Executing (default): SHOW INDEX FROM `Classes`

sql [2025-06-09 17:21:45] [DEBUG]: Executing (default): SELECT TABLE_NAME FROM INFORMATION_SCHEMA.TABLES WHERE TABLE_TYPE = 'BASE TABLE' AND TABLE_NAME = 'Students' AND TABLE_SCHEMA = 'school'

sql [2025-06-09 17:21:45] [DEBUG]: Executing (default): SHOW FULL COLUMNS FROM `Students`;

sql [2025-06-09 17:21:45] [DEBUG]: Executing (default): SELECT CONSTRAINT_NAME as constraint_name,CONSTRAINT_NAME as constraintName,CONSTRAINT_SCHEMA as constraintSchema,CONSTRAINT_SCHEMA as constraintCatalog,TABLE_NAME as tableName,TABLE_SCHEMA as tableSchema,TABLE_SCHEMA as tableCatalog,COLUMN_NAME as columnName,REFERENCED_TABLE_SCHEMA as referencedTableSchema,REFERENCED_TABLE_SCHEMA as referencedTableCatalog,REFERENCED_TABLE_NAME as referencedTableName,REFERENCED_COLUMN_NAME as referencedColumnName FROM INFORMATION_SCHEMA.KEY_COLUMN_USAGE where TABLE_NAME = 'Students' AND CONSTRAINT_NAME!='PRIMARY' AND CONSTRAINT_SCHEMA='school' AND REFERENCED_TABLE_NAME IS NOT NULL;

sql [2025-06-09 17:21:45] [DEBUG]: Executing (default): ALTER TABLE `Students` CHANGE `name` `name` VARCHAR(255) NOT NULL;

sql [2025-06-09 17:21:45] [DEBUG]: Executing (default): ALTER TABLE `Students` CHANGE `Birth` `Birth` DATETIME NOT NULL;

sql [2025-06-09 17:21:45] [DEBUG]: Executing (default): ALTER TABLE `Students` CHANGE `Gender` `Gender` TINYINT(1) NOT NULL;

sql [2025-06-09 17:21:45] [DEBUG]: Executing (default): ALTER TABLE `Students` CHANGE `Phone` `Phone` VARCHAR(12) NOT NULL;

sql [2025-06-09 17:21:45] [DEBUG]: Executing (default): ALTER TABLE `Students` CHANGE `deletedAt` `deletedAt` DATETIME;

sql [2025-06-09 17:21:45] [DEBUG]: Executing (default): ALTER TABLE `Students` ADD FOREIGN KEY (`ClassId`) REFERENCES `Classes` (`id`) ON DELETE CASCADE ON UPDATE CASCADE;

sql [2025-06-09 17:21:45] [DEBUG]: Executing (default): SHOW INDEX FROM `Students`

sql [2025-06-09 17:21:45] [DEBUG]: Executing (default): SELECT TABLE_NAME FROM INFORMATION_SCHEMA.TABLES WHERE TABLE_TYPE = 'BASE TABLE' AND TABLE_NAME = 'Books' AND TABLE_SCHEMA = 'school'

sql [2025-06-09 17:21:45] [DEBUG]: Executing (default): SHOW FULL COLUMNS FROM `Books`;

sql [2025-06-09 17:21:45] [DEBUG]: Executing (default): SELECT CONSTRAINT_NAME as constraint_name,CONSTRAINT_NAME as constraintName,CONSTRAINT_SCHEMA as constraintSchema,CONSTRAINT_SCHEMA as constraintCatalog,TABLE_NAME as tableName,TABLE_SCHEMA as tableSchema,TABLE_SCHEMA as tableCatalog,COLUMN_NAME as columnName,REFERENCED_TABLE_SCHEMA as referencedTableSchema,REFERENCED_TABLE_SCHEMA as referencedTableCatalog,REFERENCED_TABLE_NAME as referencedTableName,REFERENCED_COLUMN_NAME as referencedColumnName FROM INFORMATION_SCHEMA.KEY_COLUMN_USAGE where TABLE_NAME = 'Books' AND CONSTRAINT_NAME!='PRIMARY' AND CONSTRAINT_SCHEMA='school' AND REFERENCED_TABLE_NAME IS NOT NULL;

sql [2025-06-09 17:21:45] [DEBUG]: Executing (default): ALTER TABLE `Books` CHANGE `name` `name` VARCHAR(255) NOT NULL;

sql [2025-06-09 17:21:45] [DEBUG]: Executing (default): ALTER TABLE `Books` CHANGE `imgurl` `imgurl` VARCHAR(255);

sql [2025-06-09 17:21:45] [DEBUG]: Executing (default): ALTER TABLE `Books` CHANGE `publishDate` `publishDate` VARCHAR(255) NOT NULL;

sql [2025-06-09 17:21:45] [DEBUG]: Executing (default): ALTER TABLE `Books` CHANGE `author` `author` VARCHAR(255) NOT NULL;

sql [2025-06-09 17:21:45] [DEBUG]: Executing (default): ALTER TABLE `Books` CHANGE `createdAt` `createdAt` DATETIME NOT NULL;

sql [2025-06-09 17:21:45] [DEBUG]: Executing (default): ALTER TABLE `Books` CHANGE `updatedAt` `updatedAt` DATETIME NOT NULL;

sql [2025-06-09 17:21:45] [DEBUG]: Executing (default): ALTER TABLE `Books` CHANGE `deletedAt` `deletedAt` DATETIME;

sql [2025-06-09 17:21:45] [DEBUG]: Executing (default): SHOW INDEX FROM `Books`

sql [2025-06-09 17:21:45] [DEBUG]: Executing (default): SELECT TABLE_NAME FROM INFORMATION_SCHEMA.TABLES WHERE TABLE_TYPE = 'BASE TABLE' AND TABLE_NAME = 'Admins' AND TABLE_SCHEMA = 'school'

sql [2025-06-09 17:21:45] [DEBUG]: Executing (default): SHOW FULL COLUMNS FROM `Admins`;

sql [2025-06-09 17:21:45] [DEBUG]: Executing (default): SELECT CONSTRAINT_NAME as constraint_name,CONSTRAINT_NAME as constraintName,CONSTRAINT_SCHEMA as constraintSchema,CONSTRAINT_SCHEMA as constraintCatalog,TABLE_NAME as tableName,TABLE_SCHEMA as tableSchema,TABLE_SCHEMA as tableCatalog,COLUMN_NAME as columnName,REFERENCED_TABLE_SCHEMA as referencedTableSchema,REFERENCED_TABLE_SCHEMA as referencedTableCatalog,REFERENCED_TABLE_NAME as referencedTableName,REFERENCED_COLUMN_NAME as referencedColumnName FROM INFORMATION_SCHEMA.KEY_COLUMN_USAGE where TABLE_NAME = 'Admins' AND CONSTRAINT_NAME!='PRIMARY' AND CONSTRAINT_SCHEMA='school' AND REFERENCED_TABLE_NAME IS NOT NULL;

sql [2025-06-09 17:21:45] [DEBUG]: Executing (default): ALTER TABLE `Admins` CHANGE `loginId` `loginId` VARCHAR(255) NOT NULL;

sql [2025-06-09 17:21:45] [DEBUG]: Executing (default): ALTER TABLE `Admins` CHANGE `loginPwd` `loginPwd` VARCHAR(255) NOT NULL;

sql [2025-06-09 17:21:45] [DEBUG]: Executing (default): ALTER TABLE `Admins` CHANGE `name` `name` VARCHAR(255) NOT NULL;

sql [2025-06-09 17:21:45] [DEBUG]: Executing (default): ALTER TABLE `Admins` CHANGE `deletedAt` `deletedAt` DATETIME;

sql [2025-06-09 17:21:45] [DEBUG]: Executing (default): SHOW INDEX FROM `Admins`

sql [2025-06-09 23:38:30] [DEBUG]: Executing (default): SELECT TABLE_NAME FROM INFORMATION_SCHEMA.TABLES WHERE TABLE_TYPE = 'BASE TABLE' AND TABLE_NAME = 'Classes' AND TABLE_SCHEMA = 'school'

sql [2025-06-09 23:38:30] [DEBUG]: Executing (default): SHOW FULL COLUMNS FROM `Classes`;

sql [2025-06-09 23:38:30] [DEBUG]: Executing (default): SELECT CONSTRAINT_NAME as constraint_name,CONSTRAINT_NAME as constraintName,CONSTRAINT_SCHEMA as constraintSchema,CONSTRAINT_SCHEMA as constraintCatalog,TABLE_NAME as tableName,TABLE_SCHEMA as tableSchema,TABLE_SCHEMA as tableCatalog,COLUMN_NAME as columnName,REFERENCED_TABLE_SCHEMA as referencedTableSchema,REFERENCED_TABLE_SCHEMA as referencedTableCatalog,REFERENCED_TABLE_NAME as referencedTableName,REFERENCED_COLUMN_NAME as referencedColumnName FROM INFORMATION_SCHEMA.KEY_COLUMN_USAGE where TABLE_NAME = 'Classes' AND CONSTRAINT_NAME!='PRIMARY' AND CONSTRAINT_SCHEMA='school' AND REFERENCED_TABLE_NAME IS NOT NULL;

sql [2025-06-09 23:38:30] [DEBUG]: Executing (default): ALTER TABLE `Classes` CHANGE `name` `name` VARCHAR(255) NOT NULL;

sql [2025-06-09 23:38:30] [DEBUG]: Executing (default): ALTER TABLE `Classes` CHANGE `openDate` `openDate` DATETIME NOT NULL;

sql [2025-06-09 23:38:30] [DEBUG]: Executing (default): ALTER TABLE `Classes` CHANGE `deletedAt` `deletedAt` DATETIME;

sql [2025-06-09 23:38:30] [DEBUG]: Executing (default): SHOW INDEX FROM `Classes`

sql [2025-06-09 23:38:30] [DEBUG]: Executing (default): SELECT TABLE_NAME FROM INFORMATION_SCHEMA.TABLES WHERE TABLE_TYPE = 'BASE TABLE' AND TABLE_NAME = 'Students' AND TABLE_SCHEMA = 'school'

sql [2025-06-09 23:38:30] [DEBUG]: Executing (default): SHOW FULL COLUMNS FROM `Students`;

sql [2025-06-09 23:38:30] [DEBUG]: Executing (default): SELECT CONSTRAINT_NAME as constraint_name,CONSTRAINT_NAME as constraintName,CONSTRAINT_SCHEMA as constraintSchema,CONSTRAINT_SCHEMA as constraintCatalog,TABLE_NAME as tableName,TABLE_SCHEMA as tableSchema,TABLE_SCHEMA as tableCatalog,COLUMN_NAME as columnName,REFERENCED_TABLE_SCHEMA as referencedTableSchema,REFERENCED_TABLE_SCHEMA as referencedTableCatalog,REFERENCED_TABLE_NAME as referencedTableName,REFERENCED_COLUMN_NAME as referencedColumnName FROM INFORMATION_SCHEMA.KEY_COLUMN_USAGE where TABLE_NAME = 'Students' AND CONSTRAINT_NAME!='PRIMARY' AND CONSTRAINT_SCHEMA='school' AND REFERENCED_TABLE_NAME IS NOT NULL;

sql [2025-06-09 23:38:30] [DEBUG]: Executing (default): ALTER TABLE `Students` CHANGE `name` `name` VARCHAR(255) NOT NULL;

sql [2025-06-09 23:38:30] [DEBUG]: Executing (default): ALTER TABLE `Students` CHANGE `Birth` `Birth` DATETIME NOT NULL;

sql [2025-06-09 23:38:30] [DEBUG]: Executing (default): ALTER TABLE `Students` CHANGE `Gender` `Gender` TINYINT(1) NOT NULL;

sql [2025-06-09 23:38:30] [DEBUG]: Executing (default): ALTER TABLE `Students` CHANGE `Phone` `Phone` VARCHAR(12) NOT NULL;

sql [2025-06-09 23:38:30] [DEBUG]: Executing (default): ALTER TABLE `Students` CHANGE `deletedAt` `deletedAt` DATETIME;

sql [2025-06-09 23:38:30] [DEBUG]: Executing (default): ALTER TABLE `Students` ADD FOREIGN KEY (`ClassId`) REFERENCES `Classes` (`id`) ON DELETE CASCADE ON UPDATE CASCADE;

sql [2025-06-09 23:38:30] [DEBUG]: Executing (default): SHOW INDEX FROM `Students`

sql [2025-06-09 23:38:30] [DEBUG]: Executing (default): SELECT TABLE_NAME FROM INFORMATION_SCHEMA.TABLES WHERE TABLE_TYPE = 'BASE TABLE' AND TABLE_NAME = 'Books' AND TABLE_SCHEMA = 'school'

sql [2025-06-09 23:38:30] [DEBUG]: Executing (default): SHOW FULL COLUMNS FROM `Books`;

sql [2025-06-09 23:38:30] [DEBUG]: Executing (default): SELECT CONSTRAINT_NAME as constraint_name,CONSTRAINT_NAME as constraintName,CONSTRAINT_SCHEMA as constraintSchema,CONSTRAINT_SCHEMA as constraintCatalog,TABLE_NAME as tableName,TABLE_SCHEMA as tableSchema,TABLE_SCHEMA as tableCatalog,COLUMN_NAME as columnName,REFERENCED_TABLE_SCHEMA as referencedTableSchema,REFERENCED_TABLE_SCHEMA as referencedTableCatalog,REFERENCED_TABLE_NAME as referencedTableName,REFERENCED_COLUMN_NAME as referencedColumnName FROM INFORMATION_SCHEMA.KEY_COLUMN_USAGE where TABLE_NAME = 'Books' AND CONSTRAINT_NAME!='PRIMARY' AND CONSTRAINT_SCHEMA='school' AND REFERENCED_TABLE_NAME IS NOT NULL;

sql [2025-06-09 23:38:30] [DEBUG]: Executing (default): ALTER TABLE `Books` CHANGE `name` `name` VARCHAR(255) NOT NULL;

sql [2025-06-09 23:38:30] [DEBUG]: Executing (default): ALTER TABLE `Books` CHANGE `imgurl` `imgurl` VARCHAR(255);

sql [2025-06-09 23:38:30] [DEBUG]: Executing (default): ALTER TABLE `Books` CHANGE `publishDate` `publishDate` VARCHAR(255) NOT NULL;

sql [2025-06-09 23:38:30] [DEBUG]: Executing (default): ALTER TABLE `Books` CHANGE `author` `author` VARCHAR(255) NOT NULL;

sql [2025-06-09 23:38:30] [DEBUG]: Executing (default): ALTER TABLE `Books` CHANGE `createdAt` `createdAt` DATETIME NOT NULL;

sql [2025-06-09 23:38:30] [DEBUG]: Executing (default): ALTER TABLE `Books` CHANGE `updatedAt` `updatedAt` DATETIME NOT NULL;

sql [2025-06-09 23:38:30] [DEBUG]: Executing (default): ALTER TABLE `Books` CHANGE `deletedAt` `deletedAt` DATETIME;

sql [2025-06-09 23:38:30] [DEBUG]: Executing (default): SHOW INDEX FROM `Books`

sql [2025-06-09 23:38:30] [DEBUG]: Executing (default): SELECT TABLE_NAME FROM INFORMATION_SCHEMA.TABLES WHERE TABLE_TYPE = 'BASE TABLE' AND TABLE_NAME = 'Admins' AND TABLE_SCHEMA = 'school'

sql [2025-06-09 23:38:30] [DEBUG]: Executing (default): SHOW FULL COLUMNS FROM `Admins`;

sql [2025-06-09 23:38:30] [DEBUG]: Executing (default): SELECT CONSTRAINT_NAME as constraint_name,CONSTRAINT_NAME as constraintName,CONSTRAINT_SCHEMA as constraintSchema,CONSTRAINT_SCHEMA as constraintCatalog,TABLE_NAME as tableName,TABLE_SCHEMA as tableSchema,TABLE_SCHEMA as tableCatalog,COLUMN_NAME as columnName,REFERENCED_TABLE_SCHEMA as referencedTableSchema,REFERENCED_TABLE_SCHEMA as referencedTableCatalog,REFERENCED_TABLE_NAME as referencedTableName,REFERENCED_COLUMN_NAME as referencedColumnName FROM INFORMATION_SCHEMA.KEY_COLUMN_USAGE where TABLE_NAME = 'Admins' AND CONSTRAINT_NAME!='PRIMARY' AND CONSTRAINT_SCHEMA='school' AND REFERENCED_TABLE_NAME IS NOT NULL;

sql [2025-06-09 23:38:30] [DEBUG]: Executing (default): ALTER TABLE `Admins` CHANGE `loginId` `loginId` VARCHAR(255) NOT NULL;

sql [2025-06-09 23:38:30] [DEBUG]: Executing (default): ALTER TABLE `Admins` CHANGE `loginPwd` `loginPwd` VARCHAR(255) NOT NULL;

sql [2025-06-09 23:38:30] [DEBUG]: Executing (default): ALTER TABLE `Admins` CHANGE `name` `name` VARCHAR(255) NOT NULL;

sql [2025-06-09 23:38:30] [DEBUG]: Executing (default): ALTER TABLE `Admins` CHANGE `deletedAt` `deletedAt` DATETIME;

sql [2025-06-09 23:38:30] [DEBUG]: Executing (default): SHOW INDEX FROM `Admins`

sql [2025-06-09 23:40:05] [DEBUG]: Executing (default): SELECT TABLE_NAME FROM INFORMATION_SCHEMA.TABLES WHERE TABLE_TYPE = 'BASE TABLE' AND TABLE_NAME = 'Classes' AND TABLE_SCHEMA = 'school'

sql [2025-06-09 23:40:05] [DEBUG]: Executing (default): SHOW FULL COLUMNS FROM `Classes`;

sql [2025-06-09 23:40:05] [DEBUG]: Executing (default): SELECT CONSTRAINT_NAME as constraint_name,CONSTRAINT_NAME as constraintName,CONSTRAINT_SCHEMA as constraintSchema,CONSTRAINT_SCHEMA as constraintCatalog,TABLE_NAME as tableName,TABLE_SCHEMA as tableSchema,TABLE_SCHEMA as tableCatalog,COLUMN_NAME as columnName,REFERENCED_TABLE_SCHEMA as referencedTableSchema,REFERENCED_TABLE_SCHEMA as referencedTableCatalog,REFERENCED_TABLE_NAME as referencedTableName,REFERENCED_COLUMN_NAME as referencedColumnName FROM INFORMATION_SCHEMA.KEY_COLUMN_USAGE where TABLE_NAME = 'Classes' AND CONSTRAINT_NAME!='PRIMARY' AND CONSTRAINT_SCHEMA='school' AND REFERENCED_TABLE_NAME IS NOT NULL;

sql [2025-06-09 23:40:05] [DEBUG]: Executing (default): ALTER TABLE `Classes` CHANGE `name` `name` VARCHAR(255) NOT NULL;

sql [2025-06-09 23:40:05] [DEBUG]: Executing (default): ALTER TABLE `Classes` CHANGE `openDate` `openDate` DATETIME NOT NULL;

sql [2025-06-09 23:40:05] [DEBUG]: Executing (default): ALTER TABLE `Classes` CHANGE `deletedAt` `deletedAt` DATETIME;

sql [2025-06-09 23:40:05] [DEBUG]: Executing (default): SHOW INDEX FROM `Classes`

sql [2025-06-09 23:40:05] [DEBUG]: Executing (default): SELECT TABLE_NAME FROM INFORMATION_SCHEMA.TABLES WHERE TABLE_TYPE = 'BASE TABLE' AND TABLE_NAME = 'Students' AND TABLE_SCHEMA = 'school'

sql [2025-06-09 23:40:05] [DEBUG]: Executing (default): SHOW FULL COLUMNS FROM `Students`;

sql [2025-06-09 23:40:05] [DEBUG]: Executing (default): SELECT CONSTRAINT_NAME as constraint_name,CONSTRAINT_NAME as constraintName,CONSTRAINT_SCHEMA as constraintSchema,CONSTRAINT_SCHEMA as constraintCatalog,TABLE_NAME as tableName,TABLE_SCHEMA as tableSchema,TABLE_SCHEMA as tableCatalog,COLUMN_NAME as columnName,REFERENCED_TABLE_SCHEMA as referencedTableSchema,REFERENCED_TABLE_SCHEMA as referencedTableCatalog,REFERENCED_TABLE_NAME as referencedTableName,REFERENCED_COLUMN_NAME as referencedColumnName FROM INFORMATION_SCHEMA.KEY_COLUMN_USAGE where TABLE_NAME = 'Students' AND CONSTRAINT_NAME!='PRIMARY' AND CONSTRAINT_SCHEMA='school' AND REFERENCED_TABLE_NAME IS NOT NULL;

sql [2025-06-09 23:40:05] [DEBUG]: Executing (default): ALTER TABLE `Students` CHANGE `name` `name` VARCHAR(255) NOT NULL;

sql [2025-06-09 23:40:05] [DEBUG]: Executing (default): ALTER TABLE `Students` CHANGE `Birth` `Birth` DATETIME NOT NULL;

sql [2025-06-09 23:40:05] [DEBUG]: Executing (default): ALTER TABLE `Students` CHANGE `Gender` `Gender` TINYINT(1) NOT NULL;

sql [2025-06-09 23:40:05] [DEBUG]: Executing (default): ALTER TABLE `Students` CHANGE `Phone` `Phone` VARCHAR(12) NOT NULL;

sql [2025-06-09 23:40:05] [DEBUG]: Executing (default): ALTER TABLE `Students` CHANGE `deletedAt` `deletedAt` DATETIME;

sql [2025-06-09 23:40:05] [DEBUG]: Executing (default): ALTER TABLE `Students` ADD FOREIGN KEY (`ClassId`) REFERENCES `Classes` (`id`) ON DELETE CASCADE ON UPDATE CASCADE;

sql [2025-06-09 23:40:05] [DEBUG]: Executing (default): SHOW INDEX FROM `Students`

sql [2025-06-09 23:40:05] [DEBUG]: Executing (default): SELECT TABLE_NAME FROM INFORMATION_SCHEMA.TABLES WHERE TABLE_TYPE = 'BASE TABLE' AND TABLE_NAME = 'Books' AND TABLE_SCHEMA = 'school'

sql [2025-06-09 23:40:05] [DEBUG]: Executing (default): SHOW FULL COLUMNS FROM `Books`;

sql [2025-06-09 23:40:05] [DEBUG]: Executing (default): SELECT CONSTRAINT_NAME as constraint_name,CONSTRAINT_NAME as constraintName,CONSTRAINT_SCHEMA as constraintSchema,CONSTRAINT_SCHEMA as constraintCatalog,TABLE_NAME as tableName,TABLE_SCHEMA as tableSchema,TABLE_SCHEMA as tableCatalog,COLUMN_NAME as columnName,REFERENCED_TABLE_SCHEMA as referencedTableSchema,REFERENCED_TABLE_SCHEMA as referencedTableCatalog,REFERENCED_TABLE_NAME as referencedTableName,REFERENCED_COLUMN_NAME as referencedColumnName FROM INFORMATION_SCHEMA.KEY_COLUMN_USAGE where TABLE_NAME = 'Books' AND CONSTRAINT_NAME!='PRIMARY' AND CONSTRAINT_SCHEMA='school' AND REFERENCED_TABLE_NAME IS NOT NULL;

sql [2025-06-09 23:40:05] [DEBUG]: Executing (default): ALTER TABLE `Books` CHANGE `name` `name` VARCHAR(255) NOT NULL;

sql [2025-06-09 23:40:05] [DEBUG]: Executing (default): ALTER TABLE `Books` CHANGE `imgurl` `imgurl` VARCHAR(255);

sql [2025-06-09 23:40:05] [DEBUG]: Executing (default): ALTER TABLE `Books` CHANGE `publishDate` `publishDate` VARCHAR(255) NOT NULL;

sql [2025-06-09 23:40:05] [DEBUG]: Executing (default): ALTER TABLE `Books` CHANGE `author` `author` VARCHAR(255) NOT NULL;

sql [2025-06-09 23:40:05] [DEBUG]: Executing (default): ALTER TABLE `Books` CHANGE `createdAt` `createdAt` DATETIME NOT NULL;

sql [2025-06-09 23:40:05] [DEBUG]: Executing (default): ALTER TABLE `Books` CHANGE `updatedAt` `updatedAt` DATETIME NOT NULL;

sql [2025-06-09 23:40:05] [DEBUG]: Executing (default): ALTER TABLE `Books` CHANGE `deletedAt` `deletedAt` DATETIME;

sql [2025-06-09 23:40:05] [DEBUG]: Executing (default): SHOW INDEX FROM `Books`

sql [2025-06-09 23:40:05] [DEBUG]: Executing (default): SELECT TABLE_NAME FROM INFORMATION_SCHEMA.TABLES WHERE TABLE_TYPE = 'BASE TABLE' AND TABLE_NAME = 'Admins' AND TABLE_SCHEMA = 'school'

sql [2025-06-09 23:40:05] [DEBUG]: Executing (default): SHOW FULL COLUMNS FROM `Admins`;

sql [2025-06-09 23:40:05] [DEBUG]: Executing (default): SELECT CONSTRAINT_NAME as constraint_name,CONSTRAINT_NAME as constraintName,CONSTRAINT_SCHEMA as constraintSchema,CONSTRAINT_SCHEMA as constraintCatalog,TABLE_NAME as tableName,TABLE_SCHEMA as tableSchema,TABLE_SCHEMA as tableCatalog,COLUMN_NAME as columnName,REFERENCED_TABLE_SCHEMA as referencedTableSchema,REFERENCED_TABLE_SCHEMA as referencedTableCatalog,REFERENCED_TABLE_NAME as referencedTableName,REFERENCED_COLUMN_NAME as referencedColumnName FROM INFORMATION_SCHEMA.KEY_COLUMN_USAGE where TABLE_NAME = 'Admins' AND CONSTRAINT_NAME!='PRIMARY' AND CONSTRAINT_SCHEMA='school' AND REFERENCED_TABLE_NAME IS NOT NULL;

sql [2025-06-09 23:40:05] [DEBUG]: Executing (default): ALTER TABLE `Admins` CHANGE `loginId` `loginId` VARCHAR(255) NOT NULL;

sql [2025-06-09 23:40:05] [DEBUG]: Executing (default): ALTER TABLE `Admins` CHANGE `loginPwd` `loginPwd` VARCHAR(255) NOT NULL;

sql [2025-06-09 23:40:05] [DEBUG]: Executing (default): ALTER TABLE `Admins` CHANGE `name` `name` VARCHAR(255) NOT NULL;

sql [2025-06-09 23:40:05] [DEBUG]: Executing (default): ALTER TABLE `Admins` CHANGE `deletedAt` `deletedAt` DATETIME;

sql [2025-06-09 23:40:05] [DEBUG]: Executing (default): SHOW INDEX FROM `Admins`

sql [2025-06-09 23:41:12] [DEBUG]: Executing (default): SELECT TABLE_NAME FROM INFORMATION_SCHEMA.TABLES WHERE TABLE_TYPE = 'BASE TABLE' AND TABLE_NAME = 'Classes' AND TABLE_SCHEMA = 'school'

sql [2025-06-09 23:41:12] [DEBUG]: Executing (default): SHOW FULL COLUMNS FROM `Classes`;

sql [2025-06-09 23:41:12] [DEBUG]: Executing (default): SELECT CONSTRAINT_NAME as constraint_name,CONSTRAINT_NAME as constraintName,CONSTRAINT_SCHEMA as constraintSchema,CONSTRAINT_SCHEMA as constraintCatalog,TABLE_NAME as tableName,TABLE_SCHEMA as tableSchema,TABLE_SCHEMA as tableCatalog,COLUMN_NAME as columnName,REFERENCED_TABLE_SCHEMA as referencedTableSchema,REFERENCED_TABLE_SCHEMA as referencedTableCatalog,REFERENCED_TABLE_NAME as referencedTableName,REFERENCED_COLUMN_NAME as referencedColumnName FROM INFORMATION_SCHEMA.KEY_COLUMN_USAGE where TABLE_NAME = 'Classes' AND CONSTRAINT_NAME!='PRIMARY' AND CONSTRAINT_SCHEMA='school' AND REFERENCED_TABLE_NAME IS NOT NULL;

sql [2025-06-09 23:41:12] [DEBUG]: Executing (default): ALTER TABLE `Classes` CHANGE `name` `name` VARCHAR(255) NOT NULL;

sql [2025-06-09 23:41:12] [DEBUG]: Executing (default): ALTER TABLE `Classes` CHANGE `openDate` `openDate` DATETIME NOT NULL;

sql [2025-06-09 23:41:12] [DEBUG]: Executing (default): ALTER TABLE `Classes` CHANGE `deletedAt` `deletedAt` DATETIME;

sql [2025-06-09 23:41:12] [DEBUG]: Executing (default): SHOW INDEX FROM `Classes`

sql [2025-06-09 23:41:12] [DEBUG]: Executing (default): SELECT TABLE_NAME FROM INFORMATION_SCHEMA.TABLES WHERE TABLE_TYPE = 'BASE TABLE' AND TABLE_NAME = 'Students' AND TABLE_SCHEMA = 'school'

sql [2025-06-09 23:41:12] [DEBUG]: Executing (default): SHOW FULL COLUMNS FROM `Students`;

sql [2025-06-09 23:41:12] [DEBUG]: Executing (default): SELECT CONSTRAINT_NAME as constraint_name,CONSTRAINT_NAME as constraintName,CONSTRAINT_SCHEMA as constraintSchema,CONSTRAINT_SCHEMA as constraintCatalog,TABLE_NAME as tableName,TABLE_SCHEMA as tableSchema,TABLE_SCHEMA as tableCatalog,COLUMN_NAME as columnName,REFERENCED_TABLE_SCHEMA as referencedTableSchema,REFERENCED_TABLE_SCHEMA as referencedTableCatalog,REFERENCED_TABLE_NAME as referencedTableName,REFERENCED_COLUMN_NAME as referencedColumnName FROM INFORMATION_SCHEMA.KEY_COLUMN_USAGE where TABLE_NAME = 'Students' AND CONSTRAINT_NAME!='PRIMARY' AND CONSTRAINT_SCHEMA='school' AND REFERENCED_TABLE_NAME IS NOT NULL;

sql [2025-06-09 23:41:12] [DEBUG]: Executing (default): ALTER TABLE `Students` CHANGE `name` `name` VARCHAR(255) NOT NULL;

sql [2025-06-09 23:41:12] [DEBUG]: Executing (default): ALTER TABLE `Students` CHANGE `Birth` `Birth` DATETIME NOT NULL;

sql [2025-06-09 23:41:12] [DEBUG]: Executing (default): ALTER TABLE `Students` CHANGE `Gender` `Gender` TINYINT(1) NOT NULL;

sql [2025-06-09 23:41:12] [DEBUG]: Executing (default): ALTER TABLE `Students` CHANGE `Phone` `Phone` VARCHAR(12) NOT NULL;

sql [2025-06-09 23:41:12] [DEBUG]: Executing (default): ALTER TABLE `Students` CHANGE `deletedAt` `deletedAt` DATETIME;

sql [2025-06-09 23:41:12] [DEBUG]: Executing (default): ALTER TABLE `Students` ADD FOREIGN KEY (`ClassId`) REFERENCES `Classes` (`id`) ON DELETE CASCADE ON UPDATE CASCADE;

sql [2025-06-09 23:41:12] [DEBUG]: Executing (default): SHOW INDEX FROM `Students`

sql [2025-06-09 23:41:12] [DEBUG]: Executing (default): SELECT TABLE_NAME FROM INFORMATION_SCHEMA.TABLES WHERE TABLE_TYPE = 'BASE TABLE' AND TABLE_NAME = 'Books' AND TABLE_SCHEMA = 'school'

sql [2025-06-09 23:41:12] [DEBUG]: Executing (default): SHOW FULL COLUMNS FROM `Books`;

sql [2025-06-09 23:41:12] [DEBUG]: Executing (default): SELECT CONSTRAINT_NAME as constraint_name,CONSTRAINT_NAME as constraintName,CONSTRAINT_SCHEMA as constraintSchema,CONSTRAINT_SCHEMA as constraintCatalog,TABLE_NAME as tableName,TABLE_SCHEMA as tableSchema,TABLE_SCHEMA as tableCatalog,COLUMN_NAME as columnName,REFERENCED_TABLE_SCHEMA as referencedTableSchema,REFERENCED_TABLE_SCHEMA as referencedTableCatalog,REFERENCED_TABLE_NAME as referencedTableName,REFERENCED_COLUMN_NAME as referencedColumnName FROM INFORMATION_SCHEMA.KEY_COLUMN_USAGE where TABLE_NAME = 'Books' AND CONSTRAINT_NAME!='PRIMARY' AND CONSTRAINT_SCHEMA='school' AND REFERENCED_TABLE_NAME IS NOT NULL;

sql [2025-06-09 23:41:12] [DEBUG]: Executing (default): ALTER TABLE `Books` CHANGE `name` `name` VARCHAR(255) NOT NULL;

sql [2025-06-09 23:41:12] [DEBUG]: Executing (default): ALTER TABLE `Books` CHANGE `imgurl` `imgurl` VARCHAR(255);

sql [2025-06-09 23:41:12] [DEBUG]: Executing (default): ALTER TABLE `Books` CHANGE `publishDate` `publishDate` VARCHAR(255) NOT NULL;

sql [2025-06-09 23:41:12] [DEBUG]: Executing (default): ALTER TABLE `Books` CHANGE `author` `author` VARCHAR(255) NOT NULL;

sql [2025-06-09 23:41:12] [DEBUG]: Executing (default): ALTER TABLE `Books` CHANGE `createdAt` `createdAt` DATETIME NOT NULL;

sql [2025-06-09 23:41:12] [DEBUG]: Executing (default): ALTER TABLE `Books` CHANGE `updatedAt` `updatedAt` DATETIME NOT NULL;

sql [2025-06-09 23:41:12] [DEBUG]: Executing (default): ALTER TABLE `Books` CHANGE `deletedAt` `deletedAt` DATETIME;

sql [2025-06-09 23:41:12] [DEBUG]: Executing (default): SHOW INDEX FROM `Books`

sql [2025-06-09 23:41:12] [DEBUG]: Executing (default): SELECT TABLE_NAME FROM INFORMATION_SCHEMA.TABLES WHERE TABLE_TYPE = 'BASE TABLE' AND TABLE_NAME = 'Admins' AND TABLE_SCHEMA = 'school'

sql [2025-06-09 23:41:12] [DEBUG]: Executing (default): SHOW FULL COLUMNS FROM `Admins`;

sql [2025-06-09 23:41:12] [DEBUG]: Executing (default): SELECT CONSTRAINT_NAME as constraint_name,CONSTRAINT_NAME as constraintName,CONSTRAINT_SCHEMA as constraintSchema,CONSTRAINT_SCHEMA as constraintCatalog,TABLE_NAME as tableName,TABLE_SCHEMA as tableSchema,TABLE_SCHEMA as tableCatalog,COLUMN_NAME as columnName,REFERENCED_TABLE_SCHEMA as referencedTableSchema,REFERENCED_TABLE_SCHEMA as referencedTableCatalog,REFERENCED_TABLE_NAME as referencedTableName,REFERENCED_COLUMN_NAME as referencedColumnName FROM INFORMATION_SCHEMA.KEY_COLUMN_USAGE where TABLE_NAME = 'Admins' AND CONSTRAINT_NAME!='PRIMARY' AND CONSTRAINT_SCHEMA='school' AND REFERENCED_TABLE_NAME IS NOT NULL;

sql [2025-06-09 23:41:12] [DEBUG]: Executing (default): ALTER TABLE `Admins` CHANGE `loginId` `loginId` VARCHAR(255) NOT NULL;

sql [2025-06-09 23:41:12] [DEBUG]: Executing (default): ALTER TABLE `Admins` CHANGE `loginPwd` `loginPwd` VARCHAR(255) NOT NULL;

sql [2025-06-09 23:41:12] [DEBUG]: Executing (default): ALTER TABLE `Admins` CHANGE `name` `name` VARCHAR(255) NOT NULL;

sql [2025-06-09 23:41:12] [DEBUG]: Executing (default): ALTER TABLE `Admins` CHANGE `deletedAt` `deletedAt` DATETIME;

sql [2025-06-09 23:41:12] [DEBUG]: Executing (default): SHOW INDEX FROM `Admins`

